2018-06-12 12:53:29.623  INFO 6032 --- [main] c.e.project2018.Project2018Application   : Starting Project2018Application on DESKTOP-BHBIRQC with PID 6032 (C:\Users\Milovic\git\project-2018\target\classes started by Milovic in C:\Users\Milovic\git\project-2018)
2018-06-12 12:53:29.627  INFO 6032 --- [main] c.e.project2018.Project2018Application   : No active profile set, falling back to default profiles: default
2018-06-12 12:53:29.694  INFO 6032 --- [main] ConfigServletWebServerApplicationContext : Refreshing org.springframework.boot.web.servlet.context.AnnotationConfigServletWebServerApplicationContext@1638935: startup date [Tue Jun 12 12:53:29 CEST 2018]; root of context hierarchy
2018-06-12 12:53:31.124  INFO 6032 --- [main] trationDelegate$BeanPostProcessorChecker : Bean 'org.springframework.transaction.annotation.ProxyTransactionManagementConfiguration' of type [org.springframework.transaction.annotation.ProxyTransactionManagementConfiguration$$EnhancerBySpringCGLIB$$fbead7e3] is not eligible for getting processed by all BeanPostProcessors (for example: not eligible for auto-proxying)
2018-06-12 12:53:31.196  INFO 6032 --- [main] trationDelegate$BeanPostProcessorChecker : Bean 'org.springframework.security.config.annotation.configuration.ObjectPostProcessorConfiguration' of type [org.springframework.security.config.annotation.configuration.ObjectPostProcessorConfiguration$$EnhancerBySpringCGLIB$$9498a01d] is not eligible for getting processed by all BeanPostProcessors (for example: not eligible for auto-proxying)
2018-06-12 12:53:31.208  INFO 6032 --- [main] trationDelegate$BeanPostProcessorChecker : Bean 'objectPostProcessor' of type [org.springframework.security.config.annotation.configuration.AutowireBeanFactoryObjectPostProcessor] is not eligible for getting processed by all BeanPostProcessors (for example: not eligible for auto-proxying)
2018-06-12 12:53:31.210  INFO 6032 --- [main] trationDelegate$BeanPostProcessorChecker : Bean 'org.springframework.security.access.expression.method.DefaultMethodSecurityExpressionHandler@e39da0' of type [org.springframework.security.access.expression.method.DefaultMethodSecurityExpressionHandler] is not eligible for getting processed by all BeanPostProcessors (for example: not eligible for auto-proxying)
2018-06-12 12:53:31.220  INFO 6032 --- [main] trationDelegate$BeanPostProcessorChecker : Bean 'org.springframework.security.config.annotation.method.configuration.GlobalMethodSecurityConfiguration' of type [org.springframework.security.config.annotation.method.configuration.GlobalMethodSecurityConfiguration$$EnhancerBySpringCGLIB$$b96d42cf] is not eligible for getting processed by all BeanPostProcessors (for example: not eligible for auto-proxying)
2018-06-12 12:53:31.237  INFO 6032 --- [main] trationDelegate$BeanPostProcessorChecker : Bean 'methodSecurityMetadataSource' of type [org.springframework.security.access.method.DelegatingMethodSecurityMetadataSource] is not eligible for getting processed by all BeanPostProcessors (for example: not eligible for auto-proxying)
2018-06-12 12:53:31.670  INFO 6032 --- [main] o.s.b.w.embedded.tomcat.TomcatWebServer  : Tomcat initialized with port(s): 8083 (http)
2018-06-12 12:53:31.698  INFO 6032 --- [main] o.apache.catalina.core.StandardService   : Starting service [Tomcat]
2018-06-12 12:53:31.698  INFO 6032 --- [main] org.apache.catalina.core.StandardEngine  : Starting Servlet Engine: Apache Tomcat/8.5.28
2018-06-12 12:53:31.714  INFO 6032 --- [localhost-startStop-1] o.a.catalina.core.AprLifecycleListener   : The APR based Apache Tomcat Native library which allows optimal performance in production environments was not found on the java.library.path: [C:\Program Files\Java\jre1.8.0_121\bin;C:\WINDOWS\Sun\Java\bin;C:\WINDOWS\system32;C:\WINDOWS;C:/Program Files/Java/jre1.8.0_152/bin/client;C:/Program Files/Java/jre1.8.0_152/bin;C:/Program Files/Java/jre1.8.0_152/lib/i386;C:\oraclexe\app\oracle\product\11.2.0\server\bin;;C:\ProgramData\Oracle\Java\javapath;C:\WINDOWS\system32;C:\WINDOWS;C:\WINDOWS\System32\Wbem;C:\WINDOWS\System32\WindowsPowerShell\v1.0\;C:\WINDOWS\system32\config\systemprofile\.dnx\bin;C:\Program Files\Microsoft DNX\Dnvm\;c:\Program Files\Microsoft SQL Server\110\Tools\Binn\ManagementStudio\;c:\Program Files\Microsoft SQL Server\110\Tools\Binn\;c:\Program Files\Microsoft SQL Server\110\DTS\Binn\;C:\Program Files\MySQL\MySQL Utilities 1.6\;C:\Program Files\nodejs\;C:\Users\Milovic\AppData\Local\Microsoft\WindowsApps;C:\Users\Milovic\AppData\Roaming\npm;C:\Program Files\Microsoft VS Code\bin;C:\Users\Milovic\Documents\eclipse;;.]
2018-06-12 12:53:31.908  INFO 6032 --- [localhost-startStop-1] o.a.c.c.C.[Tomcat].[localhost].[/]       : Initializing Spring embedded WebApplicationContext
2018-06-12 12:53:31.909  INFO 6032 --- [localhost-startStop-1] o.s.web.context.ContextLoader            : Root WebApplicationContext: initialization completed in 2215 ms
2018-06-12 12:53:32.130  INFO 6032 --- [localhost-startStop-1] o.s.b.w.servlet.FilterRegistrationBean   : Mapping filter: 'characterEncodingFilter' to: [/*]
2018-06-12 12:53:32.137  INFO 6032 --- [localhost-startStop-1] o.s.b.w.servlet.FilterRegistrationBean   : Mapping filter: 'hiddenHttpMethodFilter' to: [/*]
2018-06-12 12:53:32.137  INFO 6032 --- [localhost-startStop-1] o.s.b.w.servlet.FilterRegistrationBean   : Mapping filter: 'httpPutFormContentFilter' to: [/*]
2018-06-12 12:53:32.138  INFO 6032 --- [localhost-startStop-1] o.s.b.w.servlet.FilterRegistrationBean   : Mapping filter: 'requestContextFilter' to: [/*]
2018-06-12 12:53:32.138  INFO 6032 --- [localhost-startStop-1] .s.DelegatingFilterProxyRegistrationBean : Mapping filter: 'springSecurityFilterChain' to: [/*]
2018-06-12 12:53:32.138  INFO 6032 --- [localhost-startStop-1] o.s.b.w.servlet.ServletRegistrationBean  : Servlet dispatcherServlet mapped to [/]
2018-06-12 12:53:32.337  INFO 6032 --- [main] com.zaxxer.hikari.HikariDataSource       : HikariPool-1 - Starting...
2018-06-12 12:53:32.344  WARN 6032 --- [main] com.zaxxer.hikari.util.DriverDataSource  : Registered driver with driverClassName=com.mysql.jdbc.Driver was not found, trying direct instantiation.
2018-06-12 12:53:32.533  INFO 6032 --- [main] com.zaxxer.hikari.HikariDataSource       : HikariPool-1 - Start completed.
2018-06-12 12:53:32.612  INFO 6032 --- [main] j.LocalContainerEntityManagerFactoryBean : Building JPA container EntityManagerFactory for persistence unit 'default'
2018-06-12 12:53:32.634  INFO 6032 --- [main] o.hibernate.jpa.internal.util.LogHelper  : HHH000204: Processing PersistenceUnitInfo [
	name: default
	...]
2018-06-12 12:53:32.788  INFO 6032 --- [main] org.hibernate.Version                    : HHH000412: Hibernate Core {5.2.14.Final}
2018-06-12 12:53:32.790  INFO 6032 --- [main] org.hibernate.cfg.Environment            : HHH000206: hibernate.properties not found
2018-06-12 12:53:32.855  INFO 6032 --- [main] o.hibernate.annotations.common.Version   : HCANN000001: Hibernate Commons Annotations {5.0.1.Final}
2018-06-12 12:53:33.054  INFO 6032 --- [main] org.hibernate.dialect.Dialect            : HHH000400: Using dialect: org.hibernate.dialect.MySQL5Dialect
2018-06-12 12:53:35.111  INFO 6032 --- [main] o.h.t.schema.internal.SchemaCreatorImpl  : HHH000476: Executing import script 'org.hibernate.tool.schema.internal.exec.ScriptSourceInputNonExistentImpl@b957b8'
2018-06-12 12:53:35.128  INFO 6032 --- [main] j.LocalContainerEntityManagerFactoryBean : Initialized JPA EntityManagerFactory for persistence unit 'default'
2018-06-12 12:53:35.457  INFO 6032 --- [main] o.s.jdbc.datasource.init.ScriptUtils     : Executing SQL script from URL [file:/C:/Users/Milovic/git/project-2018/target/classes/data.sql]
2018-06-12 12:53:35.470  INFO 6032 --- [main] o.s.jdbc.datasource.init.ScriptUtils     : Executed SQL script from URL [file:/C:/Users/Milovic/git/project-2018/target/classes/data.sql] in 13 ms.
2018-06-12 12:53:36.504  INFO 6032 --- [main] o.s.s.web.DefaultSecurityFilterChain     : Creating filter chain: Ant [pattern='/auth', POST], []
2018-06-12 12:53:36.510  INFO 6032 --- [main] o.s.s.web.DefaultSecurityFilterChain     : Creating filter chain: Ant [pattern='/', GET], []
2018-06-12 12:53:36.517  INFO 6032 --- [main] o.s.s.web.DefaultSecurityFilterChain     : Creating filter chain: Ant [pattern='/*.html', GET], []
2018-06-12 12:53:36.517  INFO 6032 --- [main] o.s.s.web.DefaultSecurityFilterChain     : Creating filter chain: Ant [pattern='/favicon.ico', GET], []
2018-06-12 12:53:36.523  INFO 6032 --- [main] o.s.s.web.DefaultSecurityFilterChain     : Creating filter chain: Ant [pattern='/**/*.html', GET], []
2018-06-12 12:53:36.523  INFO 6032 --- [main] o.s.s.web.DefaultSecurityFilterChain     : Creating filter chain: Ant [pattern='/**/*.css', GET], []
2018-06-12 12:53:36.530  INFO 6032 --- [main] o.s.s.web.DefaultSecurityFilterChain     : Creating filter chain: Ant [pattern='/**/*.js', GET], []
2018-06-12 12:53:36.620  INFO 6032 --- [main] o.s.s.web.DefaultSecurityFilterChain     : Creating filter chain: org.springframework.security.web.util.matcher.AnyRequestMatcher@1, [org.springframework.security.web.context.request.async.WebAsyncManagerIntegrationFilter@93ff90, org.springframework.security.web.context.SecurityContextPersistenceFilter@1408857, org.springframework.security.web.header.HeaderWriterFilter@c48a17, org.springframework.security.web.authentication.logout.LogoutFilter@7c0e36, com.example.project2018.server.security.JwtAuthorizationTokenFilter@1058864, org.springframework.security.web.savedrequest.RequestCacheAwareFilter@109e6b2, org.springframework.security.web.servletapi.SecurityContextHolderAwareRequestFilter@f7b44f, org.springframework.security.web.authentication.AnonymousAuthenticationFilter@d3f70a, org.springframework.security.web.session.SessionManagementFilter@1e3bd2e, org.springframework.security.web.access.ExceptionTranslationFilter@cff21e, org.springframework.security.web.access.intercept.FilterSecurityInterceptor@1d79214]
2018-06-12 12:53:37.074  INFO 6032 --- [main] s.w.s.m.m.a.RequestMappingHandlerAdapter : Looking for @ControllerAdvice: org.springframework.boot.web.servlet.context.AnnotationConfigServletWebServerApplicationContext@1638935: startup date [Tue Jun 12 12:53:29 CEST 2018]; root of context hierarchy
2018-06-12 12:53:37.145  WARN 6032 --- [main] aWebConfiguration$JpaWebMvcConfiguration : spring.jpa.open-in-view is enabled by default. Therefore, database queries may be performed during view rendering. Explicitly configure spring.jpa.open-in-view to disable this warning
2018-06-12 12:53:37.192  INFO 6032 --- [main] s.w.s.m.m.a.RequestMappingHandlerMapping : Mapped "{[/certificate/getAll],methods=[GET]}" onto public org.springframework.http.ResponseEntity<java.lang.String> com.example.project2018.pki.controller.CertificateController.getCerts()
2018-06-12 12:53:37.194  INFO 6032 --- [main] s.w.s.m.m.a.RequestMappingHandlerMapping : Mapped "{[/certificate/valid/{id}],methods=[GET]}" onto public org.springframework.http.ResponseEntity<?> com.example.project2018.pki.controller.CertificateController.isValid(java.lang.String)
2018-06-12 12:53:37.194  INFO 6032 --- [main] s.w.s.m.m.a.RequestMappingHandlerMapping : Mapped "{[/certificate/getValidity/{id}],methods=[GET]}" onto public org.springframework.http.ResponseEntity<java.lang.String> com.example.project2018.pki.controller.CertificateController.getValidityBySerial(java.lang.String)
2018-06-12 12:53:37.195  INFO 6032 --- [main] s.w.s.m.m.a.RequestMappingHandlerMapping : Mapped "{[/certificate/addIMC],methods=[POST],consumes=[application/json]}" onto public org.springframework.http.ResponseEntity<?> com.example.project2018.pki.controller.CertificateController.addIMCert(com.example.project2018.pki.model.SSCertificate)
2018-06-12 12:53:37.202  INFO 6032 --- [main] s.w.s.m.m.a.RequestMappingHandlerMapping : Mapped "{[/certificate/revoke],methods=[POST],consumes=[application/json]}" onto public org.springframework.http.ResponseEntity<java.lang.String> com.example.project2018.pki.controller.CertificateController.revokeCert(com.example.project2018.pki.model.SSCertificate) throws java.security.cert.CRLException,org.bouncycastle.operator.OperatorCreationException,java.io.IOException
2018-06-12 12:53:37.202  INFO 6032 --- [main] s.w.s.m.m.a.RequestMappingHandlerMapping : Mapped "{[/certificate/addSSC],methods=[POST],consumes=[application/json]}" onto public org.springframework.http.ResponseEntity<com.example.project2018.pki.model.SSCertificate> com.example.project2018.pki.controller.CertificateController.addSSCert(com.example.project2018.pki.model.SSCertificate)
2018-06-12 12:53:37.203  INFO 6032 --- [main] s.w.s.m.m.a.RequestMappingHandlerMapping : Mapped "{[/certificate/deleteAll],methods=[DELETE]}" onto public org.springframework.http.ResponseEntity<java.lang.String> com.example.project2018.pki.controller.CertificateController.deleteCerts()
2018-06-12 12:53:37.203  INFO 6032 --- [main] s.w.s.m.m.a.RequestMappingHandlerMapping : Mapped "{[/certificate/{id}],methods=[GET]}" onto public org.springframework.http.ResponseEntity<?> com.example.project2018.pki.controller.CertificateController.getCert(java.lang.String)
2018-06-12 12:53:37.204  INFO 6032 --- [main] s.w.s.m.m.a.RequestMappingHandlerMapping : Mapped "{[/checkStatus/ocspRevoke],methods=[POST],consumes=[application/json],produces=[application/json]}" onto public org.springframework.http.ResponseEntity com.example.project2018.pki.controller.CheckStatusController.ocspRevoke(com.example.project2018.pki.model.CertificateData)
2018-06-12 12:53:37.206  INFO 6032 --- [main] s.w.s.m.m.a.RequestMappingHandlerMapping : Mapped "{[/revokecontroller/revokeCertificate],methods=[POST],consumes=[application/json]}" onto public org.springframework.http.ResponseEntity com.example.project2018.pki.controller.RevokeCertificateController.revokeCertificate(com.example.project2018.pki.model.CertificateData)
2018-06-12 12:53:37.207  INFO 6032 --- [main] s.w.s.m.m.a.RequestMappingHandlerMapping : Mapped "{[/login],methods=[POST]}" onto public org.springframework.http.ResponseEntity<?> com.example.project2018.server.controller.AuthController.logInUser(com.example.project2018.server.security.JwtAuthenticationRequest) throws com.example.project2018.server.exception.AuthenticationException
2018-06-12 12:53:37.207  INFO 6032 --- [main] s.w.s.m.m.a.RequestMappingHandlerMapping : Mapped "{[/change_password],methods=[POST]}" onto public org.springframework.http.ResponseEntity<java.lang.String> com.example.project2018.server.controller.AuthController.changePassword(com.example.project2018.server.dto.PasswordRequest)
2018-06-12 12:53:37.214  INFO 6032 --- [main] s.w.s.m.m.a.RequestMappingHandlerMapping : Mapped "{[/reset_password],methods=[POST]}" onto public org.springframework.http.ResponseEntity<java.lang.String> com.example.project2018.server.controller.AuthController.resetPassword(com.example.project2018.server.dto.PasswordRequest)
2018-06-12 12:53:37.216  INFO 6032 --- [main] s.w.s.m.m.a.RequestMappingHandlerMapping : Mapped "{[/api/createCert],methods=[GET]}" onto public org.springframework.http.ResponseEntity<java.lang.String> com.example.project2018.server.controller.Controller.createCert()
2018-06-12 12:53:37.216  INFO 6032 --- [main] s.w.s.m.m.a.RequestMappingHandlerMapping : Mapped "{[/api/admin],methods=[GET]}" onto public org.springframework.http.ResponseEntity<java.lang.String> com.example.project2018.server.controller.Controller.admin()
2018-06-12 12:53:37.217  INFO 6032 --- [main] s.w.s.m.m.a.RequestMappingHandlerMapping : Mapped "{[/api/agent],methods=[GET]}" onto public org.springframework.http.ResponseEntity<java.lang.String> com.example.project2018.server.controller.Controller.agent()
2018-06-12 12:53:37.217  INFO 6032 --- [main] s.w.s.m.m.a.RequestMappingHandlerMapping : Mapped "{[/api/readCert],methods=[GET]}" onto public org.springframework.http.ResponseEntity<java.lang.String> com.example.project2018.server.controller.Controller.readCert()
2018-06-12 12:53:37.219  INFO 6032 --- [main] s.w.s.m.m.a.RequestMappingHandlerMapping : Mapped "{[/user],methods=[GET]}" onto public com.example.project2018.server.security.JwtUser com.example.project2018.server.controller.UserController.getAuthenticatedUser(javax.servlet.http.HttpServletRequest)
2018-06-12 12:53:37.219  INFO 6032 --- [main] s.w.s.m.m.a.RequestMappingHandlerMapping : Mapped "{[/register],methods=[POST]}" onto public org.springframework.http.ResponseEntity<com.example.project2018.server.model.users.User> com.example.project2018.server.controller.UserController.registrate(com.example.project2018.server.dto.UserDTO)
2018-06-12 12:53:37.220  INFO 6032 --- [main] s.w.s.m.m.a.RequestMappingHandlerMapping : Mapped "{[/confirmation/{encoded}],methods=[GET]}" onto public org.springframework.http.ResponseEntity<com.example.project2018.server.model.users.User> com.example.project2018.server.controller.UserController.sentMail(java.lang.String)
2018-06-12 12:53:37.229  INFO 6032 --- [main] s.w.s.m.m.a.RequestMappingHandlerMapping : Mapped "{[/error]}" onto public org.springframework.http.ResponseEntity<java.util.Map<java.lang.String, java.lang.Object>> org.springframework.boot.autoconfigure.web.servlet.error.BasicErrorController.error(javax.servlet.http.HttpServletRequest)
2018-06-12 12:53:37.230  INFO 6032 --- [main] s.w.s.m.m.a.RequestMappingHandlerMapping : Mapped "{[/error],produces=[text/html]}" onto public org.springframework.web.servlet.ModelAndView org.springframework.boot.autoconfigure.web.servlet.error.BasicErrorController.errorHtml(javax.servlet.http.HttpServletRequest,javax.servlet.http.HttpServletResponse)
2018-06-12 12:53:37.311  INFO 6032 --- [main] o.s.w.s.handler.SimpleUrlHandlerMapping  : Mapped URL path [/webjars/**] onto handler of type [class org.springframework.web.servlet.resource.ResourceHttpRequestHandler]
2018-06-12 12:53:37.311  INFO 6032 --- [main] o.s.w.s.handler.SimpleUrlHandlerMapping  : Mapped URL path [/**] onto handler of type [class org.springframework.web.servlet.resource.ResourceHttpRequestHandler]
2018-06-12 12:53:37.391  INFO 6032 --- [main] o.s.w.s.handler.SimpleUrlHandlerMapping  : Mapped URL path [/**/favicon.ico] onto handler of type [class org.springframework.web.servlet.resource.ResourceHttpRequestHandler]
2018-06-12 12:53:37.429  INFO 6032 --- [main] o.s.b.a.w.s.WelcomePageHandlerMapping    : Adding welcome page: class path resource [static/index.html]
2018-06-12 12:53:37.669  INFO 6032 --- [main] o.s.j.e.a.AnnotationMBeanExporter        : Registering beans for JMX exposure on startup
2018-06-12 12:53:37.670  INFO 6032 --- [main] o.s.j.e.a.AnnotationMBeanExporter        : Bean with name 'dataSource' has been autodetected for JMX exposure
2018-06-12 12:53:37.677  INFO 6032 --- [main] o.s.j.e.a.AnnotationMBeanExporter        : Located MBean 'dataSource': registering with JMX server as MBean [com.zaxxer.hikari:name=dataSource,type=HikariDataSource]
2018-06-12 12:53:37.711  INFO 6032 --- [main] o.s.b.w.embedded.tomcat.TomcatWebServer  : Tomcat started on port(s): 8083 (http) with context path ''
2018-06-12 12:53:37.713  INFO 6032 --- [main] c.e.project2018.Project2018Application   : Started Project2018Application in 8.582 seconds (JVM running for 9.324)
2018-06-12 12:54:15.501  INFO 5392 --- [main] c.e.project2018.Project2018Application   : Starting Project2018Application on DESKTOP-BHBIRQC with PID 5392 (C:\Users\Milovic\git\project-2018\target\classes started by Milovic in C:\Users\Milovic\git\project-2018)
2018-06-12 12:54:15.506  INFO 5392 --- [main] c.e.project2018.Project2018Application   : No active profile set, falling back to default profiles: default
2018-06-12 12:54:15.574  INFO 5392 --- [main] ConfigServletWebServerApplicationContext : Refreshing org.springframework.boot.web.servlet.context.AnnotationConfigServletWebServerApplicationContext@10d210d: startup date [Tue Jun 12 12:54:15 CEST 2018]; root of context hierarchy
2018-06-12 12:54:17.265  INFO 5392 --- [main] trationDelegate$BeanPostProcessorChecker : Bean 'org.springframework.transaction.annotation.ProxyTransactionManagementConfiguration' of type [org.springframework.transaction.annotation.ProxyTransactionManagementConfiguration$$EnhancerBySpringCGLIB$$b2cd7f8a] is not eligible for getting processed by all BeanPostProcessors (for example: not eligible for auto-proxying)
2018-06-12 12:54:17.327  INFO 5392 --- [main] trationDelegate$BeanPostProcessorChecker : Bean 'org.springframework.security.config.annotation.configuration.ObjectPostProcessorConfiguration' of type [org.springframework.security.config.annotation.configuration.ObjectPostProcessorConfiguration$$EnhancerBySpringCGLIB$$4b7b47c4] is not eligible for getting processed by all BeanPostProcessors (for example: not eligible for auto-proxying)
2018-06-12 12:54:17.339  INFO 5392 --- [main] trationDelegate$BeanPostProcessorChecker : Bean 'objectPostProcessor' of type [org.springframework.security.config.annotation.configuration.AutowireBeanFactoryObjectPostProcessor] is not eligible for getting processed by all BeanPostProcessors (for example: not eligible for auto-proxying)
2018-06-12 12:54:17.341  INFO 5392 --- [main] trationDelegate$BeanPostProcessorChecker : Bean 'org.springframework.security.access.expression.method.DefaultMethodSecurityExpressionHandler@3fcdcf' of type [org.springframework.security.access.expression.method.DefaultMethodSecurityExpressionHandler] is not eligible for getting processed by all BeanPostProcessors (for example: not eligible for auto-proxying)
2018-06-12 12:54:17.346  INFO 5392 --- [main] trationDelegate$BeanPostProcessorChecker : Bean 'org.springframework.security.config.annotation.method.configuration.GlobalMethodSecurityConfiguration' of type [org.springframework.security.config.annotation.method.configuration.GlobalMethodSecurityConfiguration$$EnhancerBySpringCGLIB$$704fea76] is not eligible for getting processed by all BeanPostProcessors (for example: not eligible for auto-proxying)
2018-06-12 12:54:17.362  INFO 5392 --- [main] trationDelegate$BeanPostProcessorChecker : Bean 'methodSecurityMetadataSource' of type [org.springframework.security.access.method.DelegatingMethodSecurityMetadataSource] is not eligible for getting processed by all BeanPostProcessors (for example: not eligible for auto-proxying)
2018-06-12 12:54:17.806  INFO 5392 --- [main] o.s.b.w.embedded.tomcat.TomcatWebServer  : Tomcat initialized with port(s): 8443 (https)
2018-06-12 12:54:17.832  INFO 5392 --- [main] o.apache.catalina.core.StandardService   : Starting service [Tomcat]
2018-06-12 12:54:17.833  INFO 5392 --- [main] org.apache.catalina.core.StandardEngine  : Starting Servlet Engine: Apache Tomcat/8.5.28
2018-06-12 12:54:17.843  INFO 5392 --- [localhost-startStop-1] o.a.catalina.core.AprLifecycleListener   : The APR based Apache Tomcat Native library which allows optimal performance in production environments was not found on the java.library.path: [C:\Program Files\Java\jre1.8.0_121\bin;C:\WINDOWS\Sun\Java\bin;C:\WINDOWS\system32;C:\WINDOWS;C:/Program Files/Java/jre1.8.0_152/bin/client;C:/Program Files/Java/jre1.8.0_152/bin;C:/Program Files/Java/jre1.8.0_152/lib/i386;C:\oraclexe\app\oracle\product\11.2.0\server\bin;;C:\ProgramData\Oracle\Java\javapath;C:\WINDOWS\system32;C:\WINDOWS;C:\WINDOWS\System32\Wbem;C:\WINDOWS\System32\WindowsPowerShell\v1.0\;C:\WINDOWS\system32\config\systemprofile\.dnx\bin;C:\Program Files\Microsoft DNX\Dnvm\;c:\Program Files\Microsoft SQL Server\110\Tools\Binn\ManagementStudio\;c:\Program Files\Microsoft SQL Server\110\Tools\Binn\;c:\Program Files\Microsoft SQL Server\110\DTS\Binn\;C:\Program Files\MySQL\MySQL Utilities 1.6\;C:\Program Files\nodejs\;C:\Users\Milovic\AppData\Local\Microsoft\WindowsApps;C:\Users\Milovic\AppData\Roaming\npm;C:\Program Files\Microsoft VS Code\bin;C:\Users\Milovic\Documents\eclipse;;.]
2018-06-12 12:54:18.038  INFO 5392 --- [localhost-startStop-1] o.a.c.c.C.[Tomcat].[localhost].[/]       : Initializing Spring embedded WebApplicationContext
2018-06-12 12:54:18.038  INFO 5392 --- [localhost-startStop-1] o.s.web.context.ContextLoader            : Root WebApplicationContext: initialization completed in 2464 ms
2018-06-12 12:54:18.253  INFO 5392 --- [localhost-startStop-1] o.s.b.w.servlet.FilterRegistrationBean   : Mapping filter: 'characterEncodingFilter' to: [/*]
2018-06-12 12:54:18.259  INFO 5392 --- [localhost-startStop-1] o.s.b.w.servlet.FilterRegistrationBean   : Mapping filter: 'hiddenHttpMethodFilter' to: [/*]
2018-06-12 12:54:18.259  INFO 5392 --- [localhost-startStop-1] o.s.b.w.servlet.FilterRegistrationBean   : Mapping filter: 'httpPutFormContentFilter' to: [/*]
2018-06-12 12:54:18.259  INFO 5392 --- [localhost-startStop-1] o.s.b.w.servlet.FilterRegistrationBean   : Mapping filter: 'requestContextFilter' to: [/*]
2018-06-12 12:54:18.260  INFO 5392 --- [localhost-startStop-1] .s.DelegatingFilterProxyRegistrationBean : Mapping filter: 'springSecurityFilterChain' to: [/*]
2018-06-12 12:54:18.260  INFO 5392 --- [localhost-startStop-1] o.s.b.w.servlet.ServletRegistrationBean  : Servlet dispatcherServlet mapped to [/]
2018-06-12 12:54:18.450  INFO 5392 --- [main] com.zaxxer.hikari.HikariDataSource       : HikariPool-1 - Starting...
2018-06-12 12:54:18.456  WARN 5392 --- [main] com.zaxxer.hikari.util.DriverDataSource  : Registered driver with driverClassName=com.mysql.jdbc.Driver was not found, trying direct instantiation.
2018-06-12 12:54:18.648  INFO 5392 --- [main] com.zaxxer.hikari.HikariDataSource       : HikariPool-1 - Start completed.
2018-06-12 12:54:18.728  INFO 5392 --- [main] j.LocalContainerEntityManagerFactoryBean : Building JPA container EntityManagerFactory for persistence unit 'default'
2018-06-12 12:54:18.750  INFO 5392 --- [main] o.hibernate.jpa.internal.util.LogHelper  : HHH000204: Processing PersistenceUnitInfo [
	name: default
	...]
2018-06-12 12:54:18.870  INFO 5392 --- [main] org.hibernate.Version                    : HHH000412: Hibernate Core {5.2.14.Final}
2018-06-12 12:54:18.871  INFO 5392 --- [main] org.hibernate.cfg.Environment            : HHH000206: hibernate.properties not found
2018-06-12 12:54:18.925  INFO 5392 --- [main] o.hibernate.annotations.common.Version   : HCANN000001: Hibernate Commons Annotations {5.0.1.Final}
2018-06-12 12:54:19.104  INFO 5392 --- [main] org.hibernate.dialect.Dialect            : HHH000400: Using dialect: org.hibernate.dialect.MySQL5Dialect
2018-06-12 12:54:20.835  INFO 5392 --- [main] o.h.t.schema.internal.SchemaCreatorImpl  : HHH000476: Executing import script 'org.hibernate.tool.schema.internal.exec.ScriptSourceInputNonExistentImpl@5117dd'
2018-06-12 12:54:20.847  INFO 5392 --- [main] j.LocalContainerEntityManagerFactoryBean : Initialized JPA EntityManagerFactory for persistence unit 'default'
2018-06-12 12:54:21.174  INFO 5392 --- [main] o.s.jdbc.datasource.init.ScriptUtils     : Executing SQL script from URL [file:/C:/Users/Milovic/git/project-2018/target/classes/data.sql]
2018-06-12 12:54:21.202  INFO 5392 --- [main] o.s.jdbc.datasource.init.ScriptUtils     : Executed SQL script from URL [file:/C:/Users/Milovic/git/project-2018/target/classes/data.sql] in 28 ms.
2018-06-12 12:54:22.417  INFO 5392 --- [main] o.s.s.web.DefaultSecurityFilterChain     : Creating filter chain: Ant [pattern='/auth', POST], []
2018-06-12 12:54:22.423  INFO 5392 --- [main] o.s.s.web.DefaultSecurityFilterChain     : Creating filter chain: Ant [pattern='/', GET], []
2018-06-12 12:54:22.430  INFO 5392 --- [main] o.s.s.web.DefaultSecurityFilterChain     : Creating filter chain: Ant [pattern='/*.html', GET], []
2018-06-12 12:54:22.430  INFO 5392 --- [main] o.s.s.web.DefaultSecurityFilterChain     : Creating filter chain: Ant [pattern='/favicon.ico', GET], []
2018-06-12 12:54:22.436  INFO 5392 --- [main] o.s.s.web.DefaultSecurityFilterChain     : Creating filter chain: Ant [pattern='/**/*.html', GET], []
2018-06-12 12:54:22.437  INFO 5392 --- [main] o.s.s.web.DefaultSecurityFilterChain     : Creating filter chain: Ant [pattern='/**/*.css', GET], []
2018-06-12 12:54:22.443  INFO 5392 --- [main] o.s.s.web.DefaultSecurityFilterChain     : Creating filter chain: Ant [pattern='/**/*.js', GET], []
2018-06-12 12:54:22.530  INFO 5392 --- [main] o.s.s.web.DefaultSecurityFilterChain     : Creating filter chain: org.springframework.security.web.util.matcher.AnyRequestMatcher@1, [org.springframework.security.web.context.request.async.WebAsyncManagerIntegrationFilter@15297e3, org.springframework.security.web.context.SecurityContextPersistenceFilter@1d79214, org.springframework.security.web.header.HeaderWriterFilter@ad709, org.springframework.security.web.authentication.logout.LogoutFilter@a9a009, com.example.project2018.server.security.JwtAuthorizationTokenFilter@122d3b1, org.springframework.security.web.savedrequest.RequestCacheAwareFilter@3307c4, org.springframework.security.web.servletapi.SecurityContextHolderAwareRequestFilter@161e342, org.springframework.security.web.authentication.AnonymousAuthenticationFilter@c3a8bd, org.springframework.security.web.session.SessionManagementFilter@f327e3, org.springframework.security.web.access.ExceptionTranslationFilter@1297740, org.springframework.security.web.access.intercept.FilterSecurityInterceptor@1ad75e5]
2018-06-12 12:54:22.969  INFO 5392 --- [main] s.w.s.m.m.a.RequestMappingHandlerAdapter : Looking for @ControllerAdvice: org.springframework.boot.web.servlet.context.AnnotationConfigServletWebServerApplicationContext@10d210d: startup date [Tue Jun 12 12:54:15 CEST 2018]; root of context hierarchy
2018-06-12 12:54:23.031  WARN 5392 --- [main] aWebConfiguration$JpaWebMvcConfiguration : spring.jpa.open-in-view is enabled by default. Therefore, database queries may be performed during view rendering. Explicitly configure spring.jpa.open-in-view to disable this warning
2018-06-12 12:54:23.087  INFO 5392 --- [main] s.w.s.m.m.a.RequestMappingHandlerMapping : Mapped "{[/certificate/getAll],methods=[GET]}" onto public org.springframework.http.ResponseEntity<java.lang.String> com.example.project2018.pki.controller.CertificateController.getCerts()
2018-06-12 12:54:23.088  INFO 5392 --- [main] s.w.s.m.m.a.RequestMappingHandlerMapping : Mapped "{[/certificate/valid/{id}],methods=[GET]}" onto public org.springframework.http.ResponseEntity<?> com.example.project2018.pki.controller.CertificateController.isValid(java.lang.String)
2018-06-12 12:54:23.089  INFO 5392 --- [main] s.w.s.m.m.a.RequestMappingHandlerMapping : Mapped "{[/certificate/getValidity/{id}],methods=[GET]}" onto public org.springframework.http.ResponseEntity<java.lang.String> com.example.project2018.pki.controller.CertificateController.getValidityBySerial(java.lang.String)
2018-06-12 12:54:23.089  INFO 5392 --- [main] s.w.s.m.m.a.RequestMappingHandlerMapping : Mapped "{[/certificate/deleteAll],methods=[DELETE]}" onto public org.springframework.http.ResponseEntity<java.lang.String> com.example.project2018.pki.controller.CertificateController.deleteCerts()
2018-06-12 12:54:23.096  INFO 5392 --- [main] s.w.s.m.m.a.RequestMappingHandlerMapping : Mapped "{[/certificate/addIMC],methods=[POST],consumes=[application/json]}" onto public org.springframework.http.ResponseEntity<?> com.example.project2018.pki.controller.CertificateController.addIMCert(com.example.project2018.pki.model.SSCertificate)
2018-06-12 12:54:23.097  INFO 5392 --- [main] s.w.s.m.m.a.RequestMappingHandlerMapping : Mapped "{[/certificate/addSSC],methods=[POST],consumes=[application/json]}" onto public org.springframework.http.ResponseEntity<com.example.project2018.pki.model.SSCertificate> com.example.project2018.pki.controller.CertificateController.addSSCert(com.example.project2018.pki.model.SSCertificate)
2018-06-12 12:54:23.097  INFO 5392 --- [main] s.w.s.m.m.a.RequestMappingHandlerMapping : Mapped "{[/certificate/revoke],methods=[POST],consumes=[application/json]}" onto public org.springframework.http.ResponseEntity<java.lang.String> com.example.project2018.pki.controller.CertificateController.revokeCert(com.example.project2018.pki.model.SSCertificate) throws java.security.cert.CRLException,org.bouncycastle.operator.OperatorCreationException,java.io.IOException
2018-06-12 12:54:23.097  INFO 5392 --- [main] s.w.s.m.m.a.RequestMappingHandlerMapping : Mapped "{[/certificate/{id}],methods=[GET]}" onto public org.springframework.http.ResponseEntity<?> com.example.project2018.pki.controller.CertificateController.getCert(java.lang.String)
2018-06-12 12:54:23.098  INFO 5392 --- [main] s.w.s.m.m.a.RequestMappingHandlerMapping : Mapped "{[/checkStatus/ocspRevoke],methods=[POST],consumes=[application/json],produces=[application/json]}" onto public org.springframework.http.ResponseEntity com.example.project2018.pki.controller.CheckStatusController.ocspRevoke(com.example.project2018.pki.model.CertificateData)
2018-06-12 12:54:23.100  INFO 5392 --- [main] s.w.s.m.m.a.RequestMappingHandlerMapping : Mapped "{[/revokecontroller/revokeCertificate],methods=[POST],consumes=[application/json]}" onto public org.springframework.http.ResponseEntity com.example.project2018.pki.controller.RevokeCertificateController.revokeCertificate(com.example.project2018.pki.model.CertificateData)
2018-06-12 12:54:23.101  INFO 5392 --- [main] s.w.s.m.m.a.RequestMappingHandlerMapping : Mapped "{[/login],methods=[POST]}" onto public org.springframework.http.ResponseEntity<?> com.example.project2018.server.controller.AuthController.logInUser(com.example.project2018.server.security.JwtAuthenticationRequest) throws com.example.project2018.server.exception.AuthenticationException
2018-06-12 12:54:23.101  INFO 5392 --- [main] s.w.s.m.m.a.RequestMappingHandlerMapping : Mapped "{[/reset_password],methods=[POST]}" onto public org.springframework.http.ResponseEntity<java.lang.String> com.example.project2018.server.controller.AuthController.resetPassword(com.example.project2018.server.dto.PasswordRequest)
2018-06-12 12:54:23.107  INFO 5392 --- [main] s.w.s.m.m.a.RequestMappingHandlerMapping : Mapped "{[/change_password],methods=[POST]}" onto public org.springframework.http.ResponseEntity<java.lang.String> com.example.project2018.server.controller.AuthController.changePassword(com.example.project2018.server.dto.PasswordRequest)
2018-06-12 12:54:23.109  INFO 5392 --- [main] s.w.s.m.m.a.RequestMappingHandlerMapping : Mapped "{[/api/createCert],methods=[GET]}" onto public org.springframework.http.ResponseEntity<java.lang.String> com.example.project2018.server.controller.Controller.createCert()
2018-06-12 12:54:23.109  INFO 5392 --- [main] s.w.s.m.m.a.RequestMappingHandlerMapping : Mapped "{[/api/readCert],methods=[GET]}" onto public org.springframework.http.ResponseEntity<java.lang.String> com.example.project2018.server.controller.Controller.readCert()
2018-06-12 12:54:23.109  INFO 5392 --- [main] s.w.s.m.m.a.RequestMappingHandlerMapping : Mapped "{[/api/admin],methods=[GET]}" onto public org.springframework.http.ResponseEntity<java.lang.String> com.example.project2018.server.controller.Controller.admin()
2018-06-12 12:54:23.110  INFO 5392 --- [main] s.w.s.m.m.a.RequestMappingHandlerMapping : Mapped "{[/api/agent],methods=[GET]}" onto public org.springframework.http.ResponseEntity<java.lang.String> com.example.project2018.server.controller.Controller.agent()
2018-06-12 12:54:23.112  INFO 5392 --- [main] s.w.s.m.m.a.RequestMappingHandlerMapping : Mapped "{[/user],methods=[GET]}" onto public com.example.project2018.server.security.JwtUser com.example.project2018.server.controller.UserController.getAuthenticatedUser(javax.servlet.http.HttpServletRequest)
2018-06-12 12:54:23.112  INFO 5392 --- [main] s.w.s.m.m.a.RequestMappingHandlerMapping : Mapped "{[/register],methods=[POST]}" onto public org.springframework.http.ResponseEntity<com.example.project2018.server.model.users.User> com.example.project2018.server.controller.UserController.registrate(com.example.project2018.server.dto.UserDTO)
2018-06-12 12:54:23.112  INFO 5392 --- [main] s.w.s.m.m.a.RequestMappingHandlerMapping : Mapped "{[/confirmation/{encoded}],methods=[GET]}" onto public org.springframework.http.ResponseEntity<com.example.project2018.server.model.users.User> com.example.project2018.server.controller.UserController.sentMail(java.lang.String)
2018-06-12 12:54:23.121  INFO 5392 --- [main] s.w.s.m.m.a.RequestMappingHandlerMapping : Mapped "{[/error]}" onto public org.springframework.http.ResponseEntity<java.util.Map<java.lang.String, java.lang.Object>> org.springframework.boot.autoconfigure.web.servlet.error.BasicErrorController.error(javax.servlet.http.HttpServletRequest)
2018-06-12 12:54:23.121  INFO 5392 --- [main] s.w.s.m.m.a.RequestMappingHandlerMapping : Mapped "{[/error],produces=[text/html]}" onto public org.springframework.web.servlet.ModelAndView org.springframework.boot.autoconfigure.web.servlet.error.BasicErrorController.errorHtml(javax.servlet.http.HttpServletRequest,javax.servlet.http.HttpServletResponse)
2018-06-12 12:54:23.202  INFO 5392 --- [main] o.s.w.s.handler.SimpleUrlHandlerMapping  : Mapped URL path [/webjars/**] onto handler of type [class org.springframework.web.servlet.resource.ResourceHttpRequestHandler]
2018-06-12 12:54:23.203  INFO 5392 --- [main] o.s.w.s.handler.SimpleUrlHandlerMapping  : Mapped URL path [/**] onto handler of type [class org.springframework.web.servlet.resource.ResourceHttpRequestHandler]
2018-06-12 12:54:23.281  INFO 5392 --- [main] o.s.w.s.handler.SimpleUrlHandlerMapping  : Mapped URL path [/**/favicon.ico] onto handler of type [class org.springframework.web.servlet.resource.ResourceHttpRequestHandler]
2018-06-12 12:54:23.322  INFO 5392 --- [main] o.s.b.a.w.s.WelcomePageHandlerMapping    : Adding welcome page: class path resource [static/index.html]
2018-06-12 12:54:23.565  INFO 5392 --- [main] o.s.j.e.a.AnnotationMBeanExporter        : Registering beans for JMX exposure on startup
2018-06-12 12:54:23.567  INFO 5392 --- [main] o.s.j.e.a.AnnotationMBeanExporter        : Bean with name 'dataSource' has been autodetected for JMX exposure
2018-06-12 12:54:23.574  INFO 5392 --- [main] o.s.j.e.a.AnnotationMBeanExporter        : Located MBean 'dataSource': registering with JMX server as MBean [com.zaxxer.hikari:name=dataSource,type=HikariDataSource]
2018-06-12 12:54:23.840  INFO 5392 --- [main] o.s.b.w.embedded.tomcat.TomcatWebServer  : Tomcat started on port(s): 8443 (https) with context path ''
2018-06-12 12:54:23.842  INFO 5392 --- [main] c.e.project2018.Project2018Application   : Started Project2018Application in 8.822 seconds (JVM running for 9.427)
2018-06-12 12:54:44.123  INFO 5392 --- [https-jsse-nio-8443-exec-3] o.a.c.c.C.[Tomcat].[localhost].[/]       : Initializing Spring FrameworkServlet 'dispatcherServlet'
2018-06-12 12:54:44.157  INFO 5392 --- [https-jsse-nio-8443-exec-3] o.s.web.servlet.DispatcherServlet        : FrameworkServlet 'dispatcherServlet': initialization started
2018-06-12 12:54:44.184  INFO 5392 --- [https-jsse-nio-8443-exec-3] o.s.web.servlet.DispatcherServlet        : FrameworkServlet 'dispatcherServlet': initialization completed in 26 ms
2018-06-12 12:57:27.578  INFO 7188 --- [main] c.e.project2018.Project2018Application   : Starting Project2018Application on DESKTOP-BHBIRQC with PID 7188 (C:\Users\Milovic\git\project-2018\target\classes started by Milovic in C:\Users\Milovic\git\project-2018)
2018-06-12 12:57:27.584  INFO 7188 --- [main] c.e.project2018.Project2018Application   : No active profile set, falling back to default profiles: default
2018-06-12 12:57:27.645  INFO 7188 --- [main] ConfigServletWebServerApplicationContext : Refreshing org.springframework.boot.web.servlet.context.AnnotationConfigServletWebServerApplicationContext@198b989: startup date [Tue Jun 12 12:57:27 CEST 2018]; root of context hierarchy
2018-06-12 12:57:29.129  INFO 7188 --- [main] trationDelegate$BeanPostProcessorChecker : Bean 'org.springframework.transaction.annotation.ProxyTransactionManagementConfiguration' of type [org.springframework.transaction.annotation.ProxyTransactionManagementConfiguration$$EnhancerBySpringCGLIB$$52a5e271] is not eligible for getting processed by all BeanPostProcessors (for example: not eligible for auto-proxying)
2018-06-12 12:57:29.194  INFO 7188 --- [main] trationDelegate$BeanPostProcessorChecker : Bean 'org.springframework.security.config.annotation.configuration.ObjectPostProcessorConfiguration' of type [org.springframework.security.config.annotation.configuration.ObjectPostProcessorConfiguration$$EnhancerBySpringCGLIB$$eb53aaab] is not eligible for getting processed by all BeanPostProcessors (for example: not eligible for auto-proxying)
2018-06-12 12:57:29.206  INFO 7188 --- [main] trationDelegate$BeanPostProcessorChecker : Bean 'objectPostProcessor' of type [org.springframework.security.config.annotation.configuration.AutowireBeanFactoryObjectPostProcessor] is not eligible for getting processed by all BeanPostProcessors (for example: not eligible for auto-proxying)
2018-06-12 12:57:29.208  INFO 7188 --- [main] trationDelegate$BeanPostProcessorChecker : Bean 'org.springframework.security.access.expression.method.DefaultMethodSecurityExpressionHandler@e39da0' of type [org.springframework.security.access.expression.method.DefaultMethodSecurityExpressionHandler] is not eligible for getting processed by all BeanPostProcessors (for example: not eligible for auto-proxying)
2018-06-12 12:57:29.216  INFO 7188 --- [main] trationDelegate$BeanPostProcessorChecker : Bean 'org.springframework.security.config.annotation.method.configuration.GlobalMethodSecurityConfiguration' of type [org.springframework.security.config.annotation.method.configuration.GlobalMethodSecurityConfiguration$$EnhancerBySpringCGLIB$$10284d5d] is not eligible for getting processed by all BeanPostProcessors (for example: not eligible for auto-proxying)
2018-06-12 12:57:29.236  INFO 7188 --- [main] trationDelegate$BeanPostProcessorChecker : Bean 'methodSecurityMetadataSource' of type [org.springframework.security.access.method.DelegatingMethodSecurityMetadataSource] is not eligible for getting processed by all BeanPostProcessors (for example: not eligible for auto-proxying)
2018-06-12 12:57:29.681  INFO 7188 --- [main] o.s.b.w.embedded.tomcat.TomcatWebServer  : Tomcat initialized with port(s): 8083 (http)
2018-06-12 12:57:29.710  INFO 7188 --- [main] o.apache.catalina.core.StandardService   : Starting service [Tomcat]
2018-06-12 12:57:29.710  INFO 7188 --- [main] org.apache.catalina.core.StandardEngine  : Starting Servlet Engine: Apache Tomcat/8.5.28
2018-06-12 12:57:29.720  INFO 7188 --- [localhost-startStop-1] o.a.catalina.core.AprLifecycleListener   : The APR based Apache Tomcat Native library which allows optimal performance in production environments was not found on the java.library.path: [C:\Program Files\Java\jre1.8.0_121\bin;C:\WINDOWS\Sun\Java\bin;C:\WINDOWS\system32;C:\WINDOWS;C:/Program Files/Java/jre1.8.0_152/bin/client;C:/Program Files/Java/jre1.8.0_152/bin;C:/Program Files/Java/jre1.8.0_152/lib/i386;C:\oraclexe\app\oracle\product\11.2.0\server\bin;;C:\ProgramData\Oracle\Java\javapath;C:\WINDOWS\system32;C:\WINDOWS;C:\WINDOWS\System32\Wbem;C:\WINDOWS\System32\WindowsPowerShell\v1.0\;C:\WINDOWS\system32\config\systemprofile\.dnx\bin;C:\Program Files\Microsoft DNX\Dnvm\;c:\Program Files\Microsoft SQL Server\110\Tools\Binn\ManagementStudio\;c:\Program Files\Microsoft SQL Server\110\Tools\Binn\;c:\Program Files\Microsoft SQL Server\110\DTS\Binn\;C:\Program Files\MySQL\MySQL Utilities 1.6\;C:\Program Files\nodejs\;C:\Users\Milovic\AppData\Local\Microsoft\WindowsApps;C:\Users\Milovic\AppData\Roaming\npm;C:\Program Files\Microsoft VS Code\bin;C:\Users\Milovic\Documents\eclipse;;.]
2018-06-12 12:57:29.926  INFO 7188 --- [localhost-startStop-1] o.a.c.c.C.[Tomcat].[localhost].[/]       : Initializing Spring embedded WebApplicationContext
2018-06-12 12:57:29.927  INFO 7188 --- [localhost-startStop-1] o.s.web.context.ContextLoader            : Root WebApplicationContext: initialization completed in 2282 ms
2018-06-12 12:57:30.145  INFO 7188 --- [localhost-startStop-1] o.s.b.w.servlet.FilterRegistrationBean   : Mapping filter: 'characterEncodingFilter' to: [/*]
2018-06-12 12:57:30.152  INFO 7188 --- [localhost-startStop-1] o.s.b.w.servlet.FilterRegistrationBean   : Mapping filter: 'hiddenHttpMethodFilter' to: [/*]
2018-06-12 12:57:30.152  INFO 7188 --- [localhost-startStop-1] o.s.b.w.servlet.FilterRegistrationBean   : Mapping filter: 'httpPutFormContentFilter' to: [/*]
2018-06-12 12:57:30.152  INFO 7188 --- [localhost-startStop-1] o.s.b.w.servlet.FilterRegistrationBean   : Mapping filter: 'requestContextFilter' to: [/*]
2018-06-12 12:57:30.152  INFO 7188 --- [localhost-startStop-1] .s.DelegatingFilterProxyRegistrationBean : Mapping filter: 'springSecurityFilterChain' to: [/*]
2018-06-12 12:57:30.153  INFO 7188 --- [localhost-startStop-1] o.s.b.w.servlet.ServletRegistrationBean  : Servlet dispatcherServlet mapped to [/]
2018-06-12 12:57:30.356  INFO 7188 --- [main] com.zaxxer.hikari.HikariDataSource       : HikariPool-1 - Starting...
2018-06-12 12:57:30.362  WARN 7188 --- [main] com.zaxxer.hikari.util.DriverDataSource  : Registered driver with driverClassName=com.mysql.jdbc.Driver was not found, trying direct instantiation.
2018-06-12 12:57:30.548  INFO 7188 --- [main] com.zaxxer.hikari.HikariDataSource       : HikariPool-1 - Start completed.
2018-06-12 12:57:30.671  INFO 7188 --- [main] j.LocalContainerEntityManagerFactoryBean : Building JPA container EntityManagerFactory for persistence unit 'default'
2018-06-12 12:57:30.714  INFO 7188 --- [main] o.hibernate.jpa.internal.util.LogHelper  : HHH000204: Processing PersistenceUnitInfo [
	name: default
	...]
2018-06-12 12:57:30.905  INFO 7188 --- [main] org.hibernate.Version                    : HHH000412: Hibernate Core {5.2.14.Final}
2018-06-12 12:57:30.907  INFO 7188 --- [main] org.hibernate.cfg.Environment            : HHH000206: hibernate.properties not found
2018-06-12 12:57:31.027  INFO 7188 --- [main] o.hibernate.annotations.common.Version   : HCANN000001: Hibernate Commons Annotations {5.0.1.Final}
2018-06-12 12:57:31.220  INFO 7188 --- [main] org.hibernate.dialect.Dialect            : HHH000400: Using dialect: org.hibernate.dialect.MySQL5Dialect
2018-06-12 12:57:33.192  INFO 7188 --- [main] o.h.t.schema.internal.SchemaCreatorImpl  : HHH000476: Executing import script 'org.hibernate.tool.schema.internal.exec.ScriptSourceInputNonExistentImpl@cc02bb'
2018-06-12 12:57:33.204  INFO 7188 --- [main] j.LocalContainerEntityManagerFactoryBean : Initialized JPA EntityManagerFactory for persistence unit 'default'
2018-06-12 12:57:33.542  INFO 7188 --- [main] o.s.jdbc.datasource.init.ScriptUtils     : Executing SQL script from URL [file:/C:/Users/Milovic/git/project-2018/target/classes/data.sql]
2018-06-12 12:57:33.565  INFO 7188 --- [main] o.s.jdbc.datasource.init.ScriptUtils     : Executed SQL script from URL [file:/C:/Users/Milovic/git/project-2018/target/classes/data.sql] in 23 ms.
2018-06-12 12:57:34.576  INFO 7188 --- [main] o.s.s.web.DefaultSecurityFilterChain     : Creating filter chain: Ant [pattern='/auth', POST], []
2018-06-12 12:57:34.583  INFO 7188 --- [main] o.s.s.web.DefaultSecurityFilterChain     : Creating filter chain: Ant [pattern='/', GET], []
2018-06-12 12:57:34.590  INFO 7188 --- [main] o.s.s.web.DefaultSecurityFilterChain     : Creating filter chain: Ant [pattern='/*.html', GET], []
2018-06-12 12:57:34.590  INFO 7188 --- [main] o.s.s.web.DefaultSecurityFilterChain     : Creating filter chain: Ant [pattern='/favicon.ico', GET], []
2018-06-12 12:57:34.597  INFO 7188 --- [main] o.s.s.web.DefaultSecurityFilterChain     : Creating filter chain: Ant [pattern='/**/*.html', GET], []
2018-06-12 12:57:34.597  INFO 7188 --- [main] o.s.s.web.DefaultSecurityFilterChain     : Creating filter chain: Ant [pattern='/**/*.css', GET], []
2018-06-12 12:57:34.603  INFO 7188 --- [main] o.s.s.web.DefaultSecurityFilterChain     : Creating filter chain: Ant [pattern='/**/*.js', GET], []
2018-06-12 12:57:34.691  INFO 7188 --- [main] o.s.s.web.DefaultSecurityFilterChain     : Creating filter chain: org.springframework.security.web.util.matcher.AnyRequestMatcher@1, [org.springframework.security.web.context.request.async.WebAsyncManagerIntegrationFilter@13a01d8, org.springframework.security.web.context.SecurityContextPersistenceFilter@106d46d, org.springframework.security.web.header.HeaderWriterFilter@1e44e9c, org.springframework.security.web.authentication.logout.LogoutFilter@14b8cb6, com.example.project2018.server.security.JwtAuthorizationTokenFilter@1fbc594, org.springframework.security.web.savedrequest.RequestCacheAwareFilter@56c5c3, org.springframework.security.web.servletapi.SecurityContextHolderAwareRequestFilter@1324a58, org.springframework.security.web.authentication.AnonymousAuthenticationFilter@14d32bf, org.springframework.security.web.session.SessionManagementFilter@f7b44f, org.springframework.security.web.access.ExceptionTranslationFilter@1e3bd2e, org.springframework.security.web.access.intercept.FilterSecurityInterceptor@120f675]
2018-06-12 12:57:35.150  INFO 7188 --- [main] s.w.s.m.m.a.RequestMappingHandlerAdapter : Looking for @ControllerAdvice: org.springframework.boot.web.servlet.context.AnnotationConfigServletWebServerApplicationContext@198b989: startup date [Tue Jun 12 12:57:27 CEST 2018]; root of context hierarchy
2018-06-12 12:57:35.213  WARN 7188 --- [main] aWebConfiguration$JpaWebMvcConfiguration : spring.jpa.open-in-view is enabled by default. Therefore, database queries may be performed during view rendering. Explicitly configure spring.jpa.open-in-view to disable this warning
2018-06-12 12:57:35.261  INFO 7188 --- [main] s.w.s.m.m.a.RequestMappingHandlerMapping : Mapped "{[/certificate/getAll],methods=[GET]}" onto public org.springframework.http.ResponseEntity<java.lang.String> com.example.project2018.pki.controller.CertificateController.getCerts()
2018-06-12 12:57:35.262  INFO 7188 --- [main] s.w.s.m.m.a.RequestMappingHandlerMapping : Mapped "{[/certificate/valid/{id}],methods=[GET]}" onto public org.springframework.http.ResponseEntity<?> com.example.project2018.pki.controller.CertificateController.isValid(java.lang.String)
2018-06-12 12:57:35.262  INFO 7188 --- [main] s.w.s.m.m.a.RequestMappingHandlerMapping : Mapped "{[/certificate/getValidity/{id}],methods=[GET]}" onto public org.springframework.http.ResponseEntity<java.lang.String> com.example.project2018.pki.controller.CertificateController.getValidityBySerial(java.lang.String)
2018-06-12 12:57:35.263  INFO 7188 --- [main] s.w.s.m.m.a.RequestMappingHandlerMapping : Mapped "{[/certificate/addSSC],methods=[POST],consumes=[application/json]}" onto public org.springframework.http.ResponseEntity<com.example.project2018.pki.model.SSCertificate> com.example.project2018.pki.controller.CertificateController.addSSCert(com.example.project2018.pki.model.SSCertificate)
2018-06-12 12:57:35.270  INFO 7188 --- [main] s.w.s.m.m.a.RequestMappingHandlerMapping : Mapped "{[/certificate/addIMC],methods=[POST],consumes=[application/json]}" onto public org.springframework.http.ResponseEntity<?> com.example.project2018.pki.controller.CertificateController.addIMCert(com.example.project2018.pki.model.SSCertificate)
2018-06-12 12:57:35.271  INFO 7188 --- [main] s.w.s.m.m.a.RequestMappingHandlerMapping : Mapped "{[/certificate/deleteAll],methods=[DELETE]}" onto public org.springframework.http.ResponseEntity<java.lang.String> com.example.project2018.pki.controller.CertificateController.deleteCerts()
2018-06-12 12:57:35.271  INFO 7188 --- [main] s.w.s.m.m.a.RequestMappingHandlerMapping : Mapped "{[/certificate/revoke],methods=[POST],consumes=[application/json]}" onto public org.springframework.http.ResponseEntity<java.lang.String> com.example.project2018.pki.controller.CertificateController.revokeCert(com.example.project2018.pki.model.SSCertificate) throws java.security.cert.CRLException,org.bouncycastle.operator.OperatorCreationException,java.io.IOException
2018-06-12 12:57:35.271  INFO 7188 --- [main] s.w.s.m.m.a.RequestMappingHandlerMapping : Mapped "{[/certificate/{id}],methods=[GET]}" onto public org.springframework.http.ResponseEntity<?> com.example.project2018.pki.controller.CertificateController.getCert(java.lang.String)
2018-06-12 12:57:35.272  INFO 7188 --- [main] s.w.s.m.m.a.RequestMappingHandlerMapping : Mapped "{[/checkStatus/ocspRevoke],methods=[POST],consumes=[application/json],produces=[application/json]}" onto public org.springframework.http.ResponseEntity com.example.project2018.pki.controller.CheckStatusController.ocspRevoke(com.example.project2018.pki.model.CertificateData)
2018-06-12 12:57:35.274  INFO 7188 --- [main] s.w.s.m.m.a.RequestMappingHandlerMapping : Mapped "{[/revokecontroller/revokeCertificate],methods=[POST],consumes=[application/json]}" onto public org.springframework.http.ResponseEntity com.example.project2018.pki.controller.RevokeCertificateController.revokeCertificate(com.example.project2018.pki.model.CertificateData)
2018-06-12 12:57:35.275  INFO 7188 --- [main] s.w.s.m.m.a.RequestMappingHandlerMapping : Mapped "{[/reset_password],methods=[POST]}" onto public org.springframework.http.ResponseEntity<java.lang.String> com.example.project2018.server.controller.AuthController.resetPassword(com.example.project2018.server.dto.PasswordRequest)
2018-06-12 12:57:35.275  INFO 7188 --- [main] s.w.s.m.m.a.RequestMappingHandlerMapping : Mapped "{[/login],methods=[POST]}" onto public org.springframework.http.ResponseEntity<?> com.example.project2018.server.controller.AuthController.logInUser(com.example.project2018.server.security.JwtAuthenticationRequest) throws com.example.project2018.server.exception.AuthenticationException
2018-06-12 12:57:35.282  INFO 7188 --- [main] s.w.s.m.m.a.RequestMappingHandlerMapping : Mapped "{[/change_password],methods=[POST]}" onto public org.springframework.http.ResponseEntity<java.lang.String> com.example.project2018.server.controller.AuthController.changePassword(com.example.project2018.server.dto.PasswordRequest)
2018-06-12 12:57:35.284  INFO 7188 --- [main] s.w.s.m.m.a.RequestMappingHandlerMapping : Mapped "{[/api/createCert],methods=[GET]}" onto public org.springframework.http.ResponseEntity<java.lang.String> com.example.project2018.server.controller.Controller.createCert()
2018-06-12 12:57:35.284  INFO 7188 --- [main] s.w.s.m.m.a.RequestMappingHandlerMapping : Mapped "{[/api/readCert],methods=[GET]}" onto public org.springframework.http.ResponseEntity<java.lang.String> com.example.project2018.server.controller.Controller.readCert()
2018-06-12 12:57:35.285  INFO 7188 --- [main] s.w.s.m.m.a.RequestMappingHandlerMapping : Mapped "{[/api/admin],methods=[GET]}" onto public org.springframework.http.ResponseEntity<java.lang.String> com.example.project2018.server.controller.Controller.admin()
2018-06-12 12:57:35.285  INFO 7188 --- [main] s.w.s.m.m.a.RequestMappingHandlerMapping : Mapped "{[/api/agent],methods=[GET]}" onto public org.springframework.http.ResponseEntity<java.lang.String> com.example.project2018.server.controller.Controller.agent()
2018-06-12 12:57:35.287  INFO 7188 --- [main] s.w.s.m.m.a.RequestMappingHandlerMapping : Mapped "{[/user],methods=[GET]}" onto public com.example.project2018.server.security.JwtUser com.example.project2018.server.controller.UserController.getAuthenticatedUser(javax.servlet.http.HttpServletRequest)
2018-06-12 12:57:35.287  INFO 7188 --- [main] s.w.s.m.m.a.RequestMappingHandlerMapping : Mapped "{[/register],methods=[POST]}" onto public org.springframework.http.ResponseEntity<com.example.project2018.server.model.users.User> com.example.project2018.server.controller.UserController.registrate(com.example.project2018.server.dto.UserDTO)
2018-06-12 12:57:35.288  INFO 7188 --- [main] s.w.s.m.m.a.RequestMappingHandlerMapping : Mapped "{[/confirmation/{encoded}],methods=[GET]}" onto public org.springframework.http.ResponseEntity<com.example.project2018.server.model.users.User> com.example.project2018.server.controller.UserController.sentMail(java.lang.String)
2018-06-12 12:57:35.306  INFO 7188 --- [main] s.w.s.m.m.a.RequestMappingHandlerMapping : Mapped "{[/error]}" onto public org.springframework.http.ResponseEntity<java.util.Map<java.lang.String, java.lang.Object>> org.springframework.boot.autoconfigure.web.servlet.error.BasicErrorController.error(javax.servlet.http.HttpServletRequest)
2018-06-12 12:57:35.306  INFO 7188 --- [main] s.w.s.m.m.a.RequestMappingHandlerMapping : Mapped "{[/error],produces=[text/html]}" onto public org.springframework.web.servlet.ModelAndView org.springframework.boot.autoconfigure.web.servlet.error.BasicErrorController.errorHtml(javax.servlet.http.HttpServletRequest,javax.servlet.http.HttpServletResponse)
2018-06-12 12:57:35.382  INFO 7188 --- [main] o.s.w.s.handler.SimpleUrlHandlerMapping  : Mapped URL path [/webjars/**] onto handler of type [class org.springframework.web.servlet.resource.ResourceHttpRequestHandler]
2018-06-12 12:57:35.382  INFO 7188 --- [main] o.s.w.s.handler.SimpleUrlHandlerMapping  : Mapped URL path [/**] onto handler of type [class org.springframework.web.servlet.resource.ResourceHttpRequestHandler]
2018-06-12 12:57:35.460  INFO 7188 --- [main] o.s.w.s.handler.SimpleUrlHandlerMapping  : Mapped URL path [/**/favicon.ico] onto handler of type [class org.springframework.web.servlet.resource.ResourceHttpRequestHandler]
2018-06-12 12:57:35.503  INFO 7188 --- [main] o.s.b.a.w.s.WelcomePageHandlerMapping    : Adding welcome page: class path resource [static/index.html]
2018-06-12 12:57:35.737  INFO 7188 --- [main] o.s.j.e.a.AnnotationMBeanExporter        : Registering beans for JMX exposure on startup
2018-06-12 12:57:35.739  INFO 7188 --- [main] o.s.j.e.a.AnnotationMBeanExporter        : Bean with name 'dataSource' has been autodetected for JMX exposure
2018-06-12 12:57:35.745  INFO 7188 --- [main] o.s.j.e.a.AnnotationMBeanExporter        : Located MBean 'dataSource': registering with JMX server as MBean [com.zaxxer.hikari:name=dataSource,type=HikariDataSource]
2018-06-12 12:57:35.785  INFO 7188 --- [main] o.s.b.w.embedded.tomcat.TomcatWebServer  : Tomcat started on port(s): 8083 (http) with context path ''
2018-06-12 12:57:35.788  INFO 7188 --- [main] c.e.project2018.Project2018Application   : Started Project2018Application in 8.692 seconds (JVM running for 9.187)
2018-06-12 12:57:56.942  INFO 7188 --- [http-nio-8083-exec-1] o.a.c.c.C.[Tomcat].[localhost].[/]       : Initializing Spring FrameworkServlet 'dispatcherServlet'
2018-06-12 12:57:56.950  INFO 7188 --- [http-nio-8083-exec-1] o.s.web.servlet.DispatcherServlet        : FrameworkServlet 'dispatcherServlet': initialization started
2018-06-12 12:57:56.975  INFO 7188 --- [http-nio-8083-exec-1] o.s.web.servlet.DispatcherServlet        : FrameworkServlet 'dispatcherServlet': initialization completed in 25 ms
2018-06-12 13:19:05.510  INFO 4108 --- [main] c.e.project2018.Project2018Application   : Starting Project2018Application on DESKTOP-BHBIRQC with PID 4108 (C:\Users\Milovic\git\project-2018\target\classes started by Milovic in C:\Users\Milovic\git\project-2018)
2018-06-12 13:19:05.519  INFO 4108 --- [main] c.e.project2018.Project2018Application   : No active profile set, falling back to default profiles: default
2018-06-12 13:19:05.601  INFO 4108 --- [main] s.c.a.AnnotationConfigApplicationContext : Refreshing org.springframework.context.annotation.AnnotationConfigApplicationContext@95d394: startup date [Tue Jun 12 13:19:05 CEST 2018]; root of context hierarchy
2018-06-12 13:19:06.220 ERROR 4108 --- [main] o.s.boot.SpringApplication               : Application run failed

java.lang.IllegalStateException: Error processing condition on org.springframework.boot.autoconfigure.context.MessageSourceAutoConfiguration
	at org.springframework.boot.autoconfigure.condition.SpringBootCondition.matches(SpringBootCondition.java:64) ~[spring-boot-autoconfigure-2.0.0.RELEASE.jar:2.0.0.RELEASE]
	at org.springframework.context.annotation.ConditionEvaluator.shouldSkip(ConditionEvaluator.java:109) ~[spring-context-5.0.4.RELEASE.jar:5.0.4.RELEASE]
	at org.springframework.context.annotation.ConfigurationClassBeanDefinitionReader$TrackedConditionEvaluator.shouldSkip(ConfigurationClassBeanDefinitionReader.java:443) ~[spring-context-5.0.4.RELEASE.jar:5.0.4.RELEASE]
	at org.springframework.context.annotation.ConfigurationClassBeanDefinitionReader.loadBeanDefinitionsForConfigurationClass(ConfigurationClassBeanDefinitionReader.java:128) ~[spring-context-5.0.4.RELEASE.jar:5.0.4.RELEASE]
	at org.springframework.context.annotation.ConfigurationClassBeanDefinitionReader.loadBeanDefinitions(ConfigurationClassBeanDefinitionReader.java:117) ~[spring-context-5.0.4.RELEASE.jar:5.0.4.RELEASE]
	at org.springframework.context.annotation.ConfigurationClassPostProcessor.processConfigBeanDefinitions(ConfigurationClassPostProcessor.java:328) ~[spring-context-5.0.4.RELEASE.jar:5.0.4.RELEASE]
	at org.springframework.context.annotation.ConfigurationClassPostProcessor.postProcessBeanDefinitionRegistry(ConfigurationClassPostProcessor.java:233) ~[spring-context-5.0.4.RELEASE.jar:5.0.4.RELEASE]
	at org.springframework.context.support.PostProcessorRegistrationDelegate.invokeBeanDefinitionRegistryPostProcessors(PostProcessorRegistrationDelegate.java:273) ~[spring-context-5.0.4.RELEASE.jar:5.0.4.RELEASE]
	at org.springframework.context.support.PostProcessorRegistrationDelegate.invokeBeanFactoryPostProcessors(PostProcessorRegistrationDelegate.java:93) ~[spring-context-5.0.4.RELEASE.jar:5.0.4.RELEASE]
	at org.springframework.context.support.AbstractApplicationContext.invokeBeanFactoryPostProcessors(AbstractApplicationContext.java:693) ~[spring-context-5.0.4.RELEASE.jar:5.0.4.RELEASE]
	at org.springframework.context.support.AbstractApplicationContext.refresh(AbstractApplicationContext.java:531) ~[spring-context-5.0.4.RELEASE.jar:5.0.4.RELEASE]
	at org.springframework.boot.SpringApplication.refresh(SpringApplication.java:752) [spring-boot-2.0.0.RELEASE.jar:2.0.0.RELEASE]
	at org.springframework.boot.SpringApplication.refreshContext(SpringApplication.java:388) [spring-boot-2.0.0.RELEASE.jar:2.0.0.RELEASE]
	at org.springframework.boot.SpringApplication.run(SpringApplication.java:327) [spring-boot-2.0.0.RELEASE.jar:2.0.0.RELEASE]
	at org.springframework.boot.SpringApplication.run(SpringApplication.java:1246) [spring-boot-2.0.0.RELEASE.jar:2.0.0.RELEASE]
	at org.springframework.boot.SpringApplication.run(SpringApplication.java:1234) [spring-boot-2.0.0.RELEASE.jar:2.0.0.RELEASE]
	at com.example.project2018.Project2018Application.main(Project2018Application.java:12) [classes/:na]
Caused by: java.lang.IllegalStateException: Failed to introspect Class [org.springframework.security.config.annotation.web.configuration.WebSecurityConfiguration] from ClassLoader [sun.misc.Launcher$AppClassLoader@1d16e93]
	at org.springframework.util.ReflectionUtils.getDeclaredMethods(ReflectionUtils.java:659) ~[spring-core-5.0.4.RELEASE.jar:5.0.4.RELEASE]
	at org.springframework.util.ReflectionUtils.doWithMethods(ReflectionUtils.java:556) ~[spring-core-5.0.4.RELEASE.jar:5.0.4.RELEASE]
	at org.springframework.util.ReflectionUtils.doWithMethods(ReflectionUtils.java:541) ~[spring-core-5.0.4.RELEASE.jar:5.0.4.RELEASE]
	at org.springframework.util.ReflectionUtils.getUniqueDeclaredMethods(ReflectionUtils.java:599) ~[spring-core-5.0.4.RELEASE.jar:5.0.4.RELEASE]
	at org.springframework.beans.factory.support.AbstractAutowireCapableBeanFactory.getTypeForFactoryMethod(AbstractAutowireCapableBeanFactory.java:728) ~[spring-beans-5.0.4.RELEASE.jar:5.0.4.RELEASE]
	at org.springframework.beans.factory.support.AbstractAutowireCapableBeanFactory.determineTargetType(AbstractAutowireCapableBeanFactory.java:669) ~[spring-beans-5.0.4.RELEASE.jar:5.0.4.RELEASE]
	at org.springframework.beans.factory.support.AbstractAutowireCapableBeanFactory.predictBeanType(AbstractAutowireCapableBeanFactory.java:637) ~[spring-beans-5.0.4.RELEASE.jar:5.0.4.RELEASE]
	at org.springframework.beans.factory.support.AbstractBeanFactory.isFactoryBean(AbstractBeanFactory.java:1489) ~[spring-beans-5.0.4.RELEASE.jar:5.0.4.RELEASE]
	at org.springframework.beans.factory.support.AbstractBeanFactory.isFactoryBean(AbstractBeanFactory.java:1007) ~[spring-beans-5.0.4.RELEASE.jar:5.0.4.RELEASE]
	at org.springframework.boot.autoconfigure.condition.BeanTypeRegistry.addBeanTypeForNonAliasDefinition(BeanTypeRegistry.java:168) ~[spring-boot-autoconfigure-2.0.0.RELEASE.jar:2.0.0.RELEASE]
	at org.springframework.boot.autoconfigure.condition.BeanTypeRegistry.addBeanType(BeanTypeRegistry.java:157) ~[spring-boot-autoconfigure-2.0.0.RELEASE.jar:2.0.0.RELEASE]
	at org.springframework.boot.autoconfigure.condition.BeanTypeRegistry.updateTypesIfNecessary(BeanTypeRegistry.java:207) ~[spring-boot-autoconfigure-2.0.0.RELEASE.jar:2.0.0.RELEASE]
	at org.springframework.boot.autoconfigure.condition.BeanTypeRegistry.getNamesForType(BeanTypeRegistry.java:114) ~[spring-boot-autoconfigure-2.0.0.RELEASE.jar:2.0.0.RELEASE]
	at org.springframework.boot.autoconfigure.condition.OnBeanCondition.collectBeanNamesForType(OnBeanCondition.java:266) ~[spring-boot-autoconfigure-2.0.0.RELEASE.jar:2.0.0.RELEASE]
	at org.springframework.boot.autoconfigure.condition.OnBeanCondition.getBeanNamesForType(OnBeanCondition.java:255) ~[spring-boot-autoconfigure-2.0.0.RELEASE.jar:2.0.0.RELEASE]
	at org.springframework.boot.autoconfigure.condition.OnBeanCondition.getMatchingBeans(OnBeanCondition.java:197) ~[spring-boot-autoconfigure-2.0.0.RELEASE.jar:2.0.0.RELEASE]
	at org.springframework.boot.autoconfigure.condition.OnBeanCondition.getMatchOutcome(OnBeanCondition.java:116) ~[spring-boot-autoconfigure-2.0.0.RELEASE.jar:2.0.0.RELEASE]
	at org.springframework.boot.autoconfigure.condition.SpringBootCondition.matches(SpringBootCondition.java:47) ~[spring-boot-autoconfigure-2.0.0.RELEASE.jar:2.0.0.RELEASE]
	... 16 common frames omitted
Caused by: java.lang.NoClassDefFoundError: javax/servlet/Filter
	at java.lang.Class.getDeclaredMethods0(Native Method) ~[na:1.8.0_121]
	at java.lang.Class.privateGetDeclaredMethods(Unknown Source) ~[na:1.8.0_121]
	at java.lang.Class.getDeclaredMethods(Unknown Source) ~[na:1.8.0_121]
	at org.springframework.util.ReflectionUtils.getDeclaredMethods(ReflectionUtils.java:641) ~[spring-core-5.0.4.RELEASE.jar:5.0.4.RELEASE]
	... 33 common frames omitted
Caused by: java.lang.ClassNotFoundException: javax.servlet.Filter
	at java.net.URLClassLoader.findClass(Unknown Source) ~[na:1.8.0_121]
	at java.lang.ClassLoader.loadClass(Unknown Source) ~[na:1.8.0_121]
	at sun.misc.Launcher$AppClassLoader.loadClass(Unknown Source) ~[na:1.8.0_121]
	at java.lang.ClassLoader.loadClass(Unknown Source) ~[na:1.8.0_121]
	... 37 common frames omitted

2018-06-12 13:19:06.234  INFO 4108 --- [main] s.c.a.AnnotationConfigApplicationContext : Closing org.springframework.context.annotation.AnnotationConfigApplicationContext@95d394: startup date [Tue Jun 12 13:19:05 CEST 2018]; root of context hierarchy
2018-06-12 13:19:06.236  WARN 4108 --- [main] o.s.boot.SpringApplication               : Unable to close ApplicationContext

java.lang.IllegalStateException: Failed to introspect Class [org.springframework.security.config.annotation.web.configuration.WebSecurityConfiguration] from ClassLoader [sun.misc.Launcher$AppClassLoader@1d16e93]
	at org.springframework.util.ReflectionUtils.getDeclaredMethods(ReflectionUtils.java:659) ~[spring-core-5.0.4.RELEASE.jar:5.0.4.RELEASE]
	at org.springframework.util.ReflectionUtils.doWithMethods(ReflectionUtils.java:556) ~[spring-core-5.0.4.RELEASE.jar:5.0.4.RELEASE]
	at org.springframework.util.ReflectionUtils.doWithMethods(ReflectionUtils.java:541) ~[spring-core-5.0.4.RELEASE.jar:5.0.4.RELEASE]
	at org.springframework.util.ReflectionUtils.getUniqueDeclaredMethods(ReflectionUtils.java:599) ~[spring-core-5.0.4.RELEASE.jar:5.0.4.RELEASE]
	at org.springframework.beans.factory.support.AbstractAutowireCapableBeanFactory.getTypeForFactoryMethod(AbstractAutowireCapableBeanFactory.java:728) ~[spring-beans-5.0.4.RELEASE.jar:5.0.4.RELEASE]
	at org.springframework.beans.factory.support.AbstractAutowireCapableBeanFactory.determineTargetType(AbstractAutowireCapableBeanFactory.java:669) ~[spring-beans-5.0.4.RELEASE.jar:5.0.4.RELEASE]
	at org.springframework.beans.factory.support.AbstractAutowireCapableBeanFactory.predictBeanType(AbstractAutowireCapableBeanFactory.java:637) ~[spring-beans-5.0.4.RELEASE.jar:5.0.4.RELEASE]
	at org.springframework.beans.factory.support.AbstractBeanFactory.isFactoryBean(AbstractBeanFactory.java:1489) ~[spring-beans-5.0.4.RELEASE.jar:5.0.4.RELEASE]
	at org.springframework.beans.factory.support.DefaultListableBeanFactory.doGetBeanNamesForType(DefaultListableBeanFactory.java:420) ~[spring-beans-5.0.4.RELEASE.jar:5.0.4.RELEASE]
	at org.springframework.beans.factory.support.DefaultListableBeanFactory.getBeanNamesForType(DefaultListableBeanFactory.java:390) ~[spring-beans-5.0.4.RELEASE.jar:5.0.4.RELEASE]
	at org.springframework.beans.factory.support.DefaultListableBeanFactory.getBeansOfType(DefaultListableBeanFactory.java:511) ~[spring-beans-5.0.4.RELEASE.jar:5.0.4.RELEASE]
	at org.springframework.beans.factory.support.DefaultListableBeanFactory.getBeansOfType(DefaultListableBeanFactory.java:503) ~[spring-beans-5.0.4.RELEASE.jar:5.0.4.RELEASE]
	at org.springframework.context.support.AbstractApplicationContext.getBeansOfType(AbstractApplicationContext.java:1194) ~[spring-context-5.0.4.RELEASE.jar:5.0.4.RELEASE]
	at org.springframework.boot.SpringApplication.getExitCodeFromMappedException(SpringApplication.java:880) [spring-boot-2.0.0.RELEASE.jar:2.0.0.RELEASE]
	at org.springframework.boot.SpringApplication.getExitCodeFromException(SpringApplication.java:866) [spring-boot-2.0.0.RELEASE.jar:2.0.0.RELEASE]
	at org.springframework.boot.SpringApplication.handleExitCode(SpringApplication.java:852) [spring-boot-2.0.0.RELEASE.jar:2.0.0.RELEASE]
	at org.springframework.boot.SpringApplication.handleRunFailure(SpringApplication.java:803) [spring-boot-2.0.0.RELEASE.jar:2.0.0.RELEASE]
	at org.springframework.boot.SpringApplication.run(SpringApplication.java:338) [spring-boot-2.0.0.RELEASE.jar:2.0.0.RELEASE]
	at org.springframework.boot.SpringApplication.run(SpringApplication.java:1246) [spring-boot-2.0.0.RELEASE.jar:2.0.0.RELEASE]
	at org.springframework.boot.SpringApplication.run(SpringApplication.java:1234) [spring-boot-2.0.0.RELEASE.jar:2.0.0.RELEASE]
	at com.example.project2018.Project2018Application.main(Project2018Application.java:12) [classes/:na]
Caused by: java.lang.NoClassDefFoundError: javax/servlet/Filter
	at java.lang.Class.getDeclaredMethods0(Native Method) ~[na:1.8.0_121]
	at java.lang.Class.privateGetDeclaredMethods(Unknown Source) ~[na:1.8.0_121]
	at java.lang.Class.getDeclaredMethods(Unknown Source) ~[na:1.8.0_121]
	at org.springframework.util.ReflectionUtils.getDeclaredMethods(ReflectionUtils.java:641) ~[spring-core-5.0.4.RELEASE.jar:5.0.4.RELEASE]
	... 20 common frames omitted
Caused by: java.lang.ClassNotFoundException: javax.servlet.Filter
	at java.net.URLClassLoader.findClass(Unknown Source) ~[na:1.8.0_121]
	at java.lang.ClassLoader.loadClass(Unknown Source) ~[na:1.8.0_121]
	at sun.misc.Launcher$AppClassLoader.loadClass(Unknown Source) ~[na:1.8.0_121]
	at java.lang.ClassLoader.loadClass(Unknown Source) ~[na:1.8.0_121]
	... 24 common frames omitted

2018-06-12 13:32:53.236  INFO 4920 --- [main] c.e.project2018.Project2018Application   : Starting Project2018Application on DESKTOP-BHBIRQC with PID 4920 (C:\Users\Milovic\git\project-2018\target\classes started by Milovic in C:\Users\Milovic\git\project-2018)
2018-06-12 13:32:53.239  INFO 4920 --- [main] c.e.project2018.Project2018Application   : No active profile set, falling back to default profiles: default
2018-06-12 13:32:53.307  INFO 4920 --- [main] ConfigServletWebServerApplicationContext : Refreshing org.springframework.boot.web.servlet.context.AnnotationConfigServletWebServerApplicationContext@1f82230: startup date [Tue Jun 12 13:32:53 CEST 2018]; root of context hierarchy
2018-06-12 13:32:54.816  INFO 4920 --- [main] trationDelegate$BeanPostProcessorChecker : Bean 'org.springframework.transaction.annotation.ProxyTransactionManagementConfiguration' of type [org.springframework.transaction.annotation.ProxyTransactionManagementConfiguration$$EnhancerBySpringCGLIB$$2439416b] is not eligible for getting processed by all BeanPostProcessors (for example: not eligible for auto-proxying)
2018-06-12 13:32:54.886  INFO 4920 --- [main] trationDelegate$BeanPostProcessorChecker : Bean 'org.springframework.security.config.annotation.configuration.ObjectPostProcessorConfiguration' of type [org.springframework.security.config.annotation.configuration.ObjectPostProcessorConfiguration$$EnhancerBySpringCGLIB$$bce709a5] is not eligible for getting processed by all BeanPostProcessors (for example: not eligible for auto-proxying)
2018-06-12 13:32:54.899  INFO 4920 --- [main] trationDelegate$BeanPostProcessorChecker : Bean 'objectPostProcessor' of type [org.springframework.security.config.annotation.configuration.AutowireBeanFactoryObjectPostProcessor] is not eligible for getting processed by all BeanPostProcessors (for example: not eligible for auto-proxying)
2018-06-12 13:32:54.901  INFO 4920 --- [main] trationDelegate$BeanPostProcessorChecker : Bean 'org.springframework.security.access.expression.method.DefaultMethodSecurityExpressionHandler@1df8f12' of type [org.springframework.security.access.expression.method.DefaultMethodSecurityExpressionHandler] is not eligible for getting processed by all BeanPostProcessors (for example: not eligible for auto-proxying)
2018-06-12 13:32:54.907  INFO 4920 --- [main] trationDelegate$BeanPostProcessorChecker : Bean 'org.springframework.security.config.annotation.method.configuration.GlobalMethodSecurityConfiguration' of type [org.springframework.security.config.annotation.method.configuration.GlobalMethodSecurityConfiguration$$EnhancerBySpringCGLIB$$e1bbac57] is not eligible for getting processed by all BeanPostProcessors (for example: not eligible for auto-proxying)
2018-06-12 13:32:54.931  INFO 4920 --- [main] trationDelegate$BeanPostProcessorChecker : Bean 'methodSecurityMetadataSource' of type [org.springframework.security.access.method.DelegatingMethodSecurityMetadataSource] is not eligible for getting processed by all BeanPostProcessors (for example: not eligible for auto-proxying)
2018-06-12 13:32:55.398  INFO 4920 --- [main] o.s.b.w.embedded.tomcat.TomcatWebServer  : Tomcat initialized with port(s): 8083 (http)
2018-06-12 13:32:55.426  INFO 4920 --- [main] o.apache.catalina.core.StandardService   : Starting service [Tomcat]
2018-06-12 13:32:55.427  INFO 4920 --- [main] org.apache.catalina.core.StandardEngine  : Starting Servlet Engine: Apache Tomcat/8.5.28
2018-06-12 13:32:55.437  INFO 4920 --- [localhost-startStop-1] o.a.catalina.core.AprLifecycleListener   : The APR based Apache Tomcat Native library which allows optimal performance in production environments was not found on the java.library.path: [C:\Program Files\Java\jre1.8.0_121\bin;C:\WINDOWS\Sun\Java\bin;C:\WINDOWS\system32;C:\WINDOWS;C:/Program Files/Java/jre1.8.0_152/bin/client;C:/Program Files/Java/jre1.8.0_152/bin;C:/Program Files/Java/jre1.8.0_152/lib/i386;C:\oraclexe\app\oracle\product\11.2.0\server\bin;;C:\ProgramData\Oracle\Java\javapath;C:\WINDOWS\system32;C:\WINDOWS;C:\WINDOWS\System32\Wbem;C:\WINDOWS\System32\WindowsPowerShell\v1.0\;C:\WINDOWS\system32\config\systemprofile\.dnx\bin;C:\Program Files\Microsoft DNX\Dnvm\;c:\Program Files\Microsoft SQL Server\110\Tools\Binn\ManagementStudio\;c:\Program Files\Microsoft SQL Server\110\Tools\Binn\;c:\Program Files\Microsoft SQL Server\110\DTS\Binn\;C:\Program Files\MySQL\MySQL Utilities 1.6\;C:\Program Files\nodejs\;C:\Users\Milovic\AppData\Local\Microsoft\WindowsApps;C:\Users\Milovic\AppData\Roaming\npm;C:\Program Files\Microsoft VS Code\bin;C:\Users\Milovic\Documents\eclipse;;.]
2018-06-12 13:32:55.646  INFO 4920 --- [localhost-startStop-1] o.a.c.c.C.[Tomcat].[localhost].[/]       : Initializing Spring embedded WebApplicationContext
2018-06-12 13:32:55.648  INFO 4920 --- [localhost-startStop-1] o.s.web.context.ContextLoader            : Root WebApplicationContext: initialization completed in 2341 ms
2018-06-12 13:32:55.881  INFO 4920 --- [localhost-startStop-1] o.s.b.w.servlet.FilterRegistrationBean   : Mapping filter: 'characterEncodingFilter' to: [/*]
2018-06-12 13:32:55.888  INFO 4920 --- [localhost-startStop-1] o.s.b.w.servlet.FilterRegistrationBean   : Mapping filter: 'hiddenHttpMethodFilter' to: [/*]
2018-06-12 13:32:55.889  INFO 4920 --- [localhost-startStop-1] o.s.b.w.servlet.FilterRegistrationBean   : Mapping filter: 'httpPutFormContentFilter' to: [/*]
2018-06-12 13:32:55.889  INFO 4920 --- [localhost-startStop-1] o.s.b.w.servlet.FilterRegistrationBean   : Mapping filter: 'requestContextFilter' to: [/*]
2018-06-12 13:32:55.889  INFO 4920 --- [localhost-startStop-1] .s.DelegatingFilterProxyRegistrationBean : Mapping filter: 'springSecurityFilterChain' to: [/*]
2018-06-12 13:32:55.889  INFO 4920 --- [localhost-startStop-1] o.s.b.w.servlet.ServletRegistrationBean  : Servlet dispatcherServlet mapped to [/]
2018-06-12 13:32:56.096  INFO 4920 --- [main] com.zaxxer.hikari.HikariDataSource       : HikariPool-1 - Starting...
2018-06-12 13:32:56.102  WARN 4920 --- [main] com.zaxxer.hikari.util.DriverDataSource  : Registered driver with driverClassName=com.mysql.jdbc.Driver was not found, trying direct instantiation.
2018-06-12 13:32:56.299  INFO 4920 --- [main] com.zaxxer.hikari.HikariDataSource       : HikariPool-1 - Start completed.
2018-06-12 13:32:56.371  INFO 4920 --- [main] j.LocalContainerEntityManagerFactoryBean : Building JPA container EntityManagerFactory for persistence unit 'default'
2018-06-12 13:32:56.392  INFO 4920 --- [main] o.hibernate.jpa.internal.util.LogHelper  : HHH000204: Processing PersistenceUnitInfo [
	name: default
	...]
2018-06-12 13:32:56.515  INFO 4920 --- [main] org.hibernate.Version                    : HHH000412: Hibernate Core {5.2.14.Final}
2018-06-12 13:32:56.516  INFO 4920 --- [main] org.hibernate.cfg.Environment            : HHH000206: hibernate.properties not found
2018-06-12 13:32:56.574  INFO 4920 --- [main] o.hibernate.annotations.common.Version   : HCANN000001: Hibernate Commons Annotations {5.0.1.Final}
2018-06-12 13:32:56.755  INFO 4920 --- [main] org.hibernate.dialect.Dialect            : HHH000400: Using dialect: org.hibernate.dialect.MySQL5Dialect
2018-06-12 13:32:58.804  INFO 4920 --- [main] o.h.t.schema.internal.SchemaCreatorImpl  : HHH000476: Executing import script 'org.hibernate.tool.schema.internal.exec.ScriptSourceInputNonExistentImpl@1fd43da'
2018-06-12 13:32:58.815  INFO 4920 --- [main] j.LocalContainerEntityManagerFactoryBean : Initialized JPA EntityManagerFactory for persistence unit 'default'
2018-06-12 13:32:59.141  INFO 4920 --- [main] o.s.jdbc.datasource.init.ScriptUtils     : Executing SQL script from URL [file:/C:/Users/Milovic/git/project-2018/target/classes/data.sql]
2018-06-12 13:32:59.156  INFO 4920 --- [main] o.s.jdbc.datasource.init.ScriptUtils     : Executed SQL script from URL [file:/C:/Users/Milovic/git/project-2018/target/classes/data.sql] in 15 ms.
2018-06-12 13:33:00.179  INFO 4920 --- [main] o.s.s.web.DefaultSecurityFilterChain     : Creating filter chain: Ant [pattern='/auth', POST], []
2018-06-12 13:33:00.185  INFO 4920 --- [main] o.s.s.web.DefaultSecurityFilterChain     : Creating filter chain: Ant [pattern='/', GET], []
2018-06-12 13:33:00.192  INFO 4920 --- [main] o.s.s.web.DefaultSecurityFilterChain     : Creating filter chain: Ant [pattern='/*.html', GET], []
2018-06-12 13:33:00.192  INFO 4920 --- [main] o.s.s.web.DefaultSecurityFilterChain     : Creating filter chain: Ant [pattern='/favicon.ico', GET], []
2018-06-12 13:33:00.199  INFO 4920 --- [main] o.s.s.web.DefaultSecurityFilterChain     : Creating filter chain: Ant [pattern='/**/*.html', GET], []
2018-06-12 13:33:00.199  INFO 4920 --- [main] o.s.s.web.DefaultSecurityFilterChain     : Creating filter chain: Ant [pattern='/**/*.css', GET], []
2018-06-12 13:33:00.205  INFO 4920 --- [main] o.s.s.web.DefaultSecurityFilterChain     : Creating filter chain: Ant [pattern='/**/*.js', GET], []
2018-06-12 13:33:00.294  INFO 4920 --- [main] o.s.s.web.DefaultSecurityFilterChain     : Creating filter chain: org.springframework.security.web.util.matcher.AnyRequestMatcher@1, [org.springframework.security.web.context.request.async.WebAsyncManagerIntegrationFilter@958f08, org.springframework.security.web.context.SecurityContextPersistenceFilter@ad709, org.springframework.security.web.header.HeaderWriterFilter@64e8bf, org.springframework.security.web.authentication.logout.LogoutFilter@b9ae4d, com.example.project2018.server.security.JwtAuthorizationTokenFilter@1c0b742, org.springframework.security.web.savedrequest.RequestCacheAwareFilter@1449465, org.springframework.security.web.servletapi.SecurityContextHolderAwareRequestFilter@3d0d44, org.springframework.security.web.authentication.AnonymousAuthenticationFilter@1bb8c16, org.springframework.security.web.session.SessionManagementFilter@17554d4, org.springframework.security.web.access.ExceptionTranslationFilter@174ccb9, org.springframework.security.web.access.intercept.FilterSecurityInterceptor@1f0c343]
2018-06-12 13:33:00.758  INFO 4920 --- [main] s.w.s.m.m.a.RequestMappingHandlerAdapter : Looking for @ControllerAdvice: org.springframework.boot.web.servlet.context.AnnotationConfigServletWebServerApplicationContext@1f82230: startup date [Tue Jun 12 13:32:53 CEST 2018]; root of context hierarchy
2018-06-12 13:33:00.821  WARN 4920 --- [main] aWebConfiguration$JpaWebMvcConfiguration : spring.jpa.open-in-view is enabled by default. Therefore, database queries may be performed during view rendering. Explicitly configure spring.jpa.open-in-view to disable this warning
2018-06-12 13:33:00.878  INFO 4920 --- [main] s.w.s.m.m.a.RequestMappingHandlerMapping : Mapped "{[/certificate/getAll],methods=[GET]}" onto public org.springframework.http.ResponseEntity<java.lang.String> com.example.project2018.pki.controller.CertificateController.getCerts()
2018-06-12 13:33:00.880  INFO 4920 --- [main] s.w.s.m.m.a.RequestMappingHandlerMapping : Mapped "{[/certificate/valid/{id}],methods=[GET]}" onto public org.springframework.http.ResponseEntity<?> com.example.project2018.pki.controller.CertificateController.isValid(java.lang.String)
2018-06-12 13:33:00.881  INFO 4920 --- [main] s.w.s.m.m.a.RequestMappingHandlerMapping : Mapped "{[/certificate/getValidity/{id}],methods=[GET]}" onto public org.springframework.http.ResponseEntity<java.lang.String> com.example.project2018.pki.controller.CertificateController.getValidityBySerial(java.lang.String)
2018-06-12 13:33:00.881  INFO 4920 --- [main] s.w.s.m.m.a.RequestMappingHandlerMapping : Mapped "{[/certificate/addIMC],methods=[POST],consumes=[application/json]}" onto public org.springframework.http.ResponseEntity<?> com.example.project2018.pki.controller.CertificateController.addIMCert(com.example.project2018.pki.model.SSCertificate)
2018-06-12 13:33:00.888  INFO 4920 --- [main] s.w.s.m.m.a.RequestMappingHandlerMapping : Mapped "{[/certificate/addSSC],methods=[POST],consumes=[application/json]}" onto public org.springframework.http.ResponseEntity<com.example.project2018.pki.model.SSCertificate> com.example.project2018.pki.controller.CertificateController.addSSCert(com.example.project2018.pki.model.SSCertificate)
2018-06-12 13:33:00.889  INFO 4920 --- [main] s.w.s.m.m.a.RequestMappingHandlerMapping : Mapped "{[/certificate/deleteAll],methods=[DELETE]}" onto public org.springframework.http.ResponseEntity<java.lang.String> com.example.project2018.pki.controller.CertificateController.deleteCerts()
2018-06-12 13:33:00.889  INFO 4920 --- [main] s.w.s.m.m.a.RequestMappingHandlerMapping : Mapped "{[/certificate/revoke],methods=[POST],consumes=[application/json]}" onto public org.springframework.http.ResponseEntity<java.lang.String> com.example.project2018.pki.controller.CertificateController.revokeCert(com.example.project2018.pki.model.SSCertificate) throws java.security.cert.CRLException,org.bouncycastle.operator.OperatorCreationException,java.io.IOException
2018-06-12 13:33:00.890  INFO 4920 --- [main] s.w.s.m.m.a.RequestMappingHandlerMapping : Mapped "{[/certificate/{id}],methods=[GET]}" onto public org.springframework.http.ResponseEntity<?> com.example.project2018.pki.controller.CertificateController.getCert(java.lang.String)
2018-06-12 13:33:00.890  INFO 4920 --- [main] s.w.s.m.m.a.RequestMappingHandlerMapping : Mapped "{[/checkStatus/ocspRevoke],methods=[POST],consumes=[application/json],produces=[application/json]}" onto public org.springframework.http.ResponseEntity com.example.project2018.pki.controller.CheckStatusController.ocspRevoke(com.example.project2018.pki.model.CertificateData)
2018-06-12 13:33:00.892  INFO 4920 --- [main] s.w.s.m.m.a.RequestMappingHandlerMapping : Mapped "{[/revokecontroller/revokeCertificate],methods=[POST],consumes=[application/json]}" onto public org.springframework.http.ResponseEntity com.example.project2018.pki.controller.RevokeCertificateController.revokeCertificate(com.example.project2018.pki.model.CertificateData)
2018-06-12 13:33:00.893  INFO 4920 --- [main] s.w.s.m.m.a.RequestMappingHandlerMapping : Mapped "{[/login],methods=[POST]}" onto public org.springframework.http.ResponseEntity<?> com.example.project2018.server.controller.AuthController.logInUser(com.example.project2018.server.security.JwtAuthenticationRequest) throws com.example.project2018.server.exception.AuthenticationException
2018-06-12 13:33:00.894  INFO 4920 --- [main] s.w.s.m.m.a.RequestMappingHandlerMapping : Mapped "{[/reset_password],methods=[POST]}" onto public org.springframework.http.ResponseEntity<java.lang.String> com.example.project2018.server.controller.AuthController.resetPassword(com.example.project2018.server.dto.PasswordRequest)
2018-06-12 13:33:00.901  INFO 4920 --- [main] s.w.s.m.m.a.RequestMappingHandlerMapping : Mapped "{[/change_password],methods=[POST]}" onto public org.springframework.http.ResponseEntity<java.lang.String> com.example.project2018.server.controller.AuthController.changePassword(com.example.project2018.server.dto.PasswordRequest)
2018-06-12 13:33:00.903  INFO 4920 --- [main] s.w.s.m.m.a.RequestMappingHandlerMapping : Mapped "{[/api/createCert],methods=[GET]}" onto public org.springframework.http.ResponseEntity<java.lang.String> com.example.project2018.server.controller.Controller.createCert()
2018-06-12 13:33:00.904  INFO 4920 --- [main] s.w.s.m.m.a.RequestMappingHandlerMapping : Mapped "{[/api/agent],methods=[GET]}" onto public org.springframework.http.ResponseEntity<java.lang.String> com.example.project2018.server.controller.Controller.agent()
2018-06-12 13:33:00.904  INFO 4920 --- [main] s.w.s.m.m.a.RequestMappingHandlerMapping : Mapped "{[/api/admin],methods=[GET]}" onto public org.springframework.http.ResponseEntity<java.lang.String> com.example.project2018.server.controller.Controller.admin()
2018-06-12 13:33:00.904  INFO 4920 --- [main] s.w.s.m.m.a.RequestMappingHandlerMapping : Mapped "{[/api/readCert],methods=[GET]}" onto public org.springframework.http.ResponseEntity<java.lang.String> com.example.project2018.server.controller.Controller.readCert()
2018-06-12 13:33:00.906  INFO 4920 --- [main] s.w.s.m.m.a.RequestMappingHandlerMapping : Mapped "{[/user],methods=[GET]}" onto public com.example.project2018.server.security.JwtUser com.example.project2018.server.controller.UserController.getAuthenticatedUser(javax.servlet.http.HttpServletRequest)
2018-06-12 13:33:00.906  INFO 4920 --- [main] s.w.s.m.m.a.RequestMappingHandlerMapping : Mapped "{[/register],methods=[POST]}" onto public org.springframework.http.ResponseEntity<com.example.project2018.server.model.users.User> com.example.project2018.server.controller.UserController.registrate(com.example.project2018.server.dto.UserDTO)
2018-06-12 13:33:00.907  INFO 4920 --- [main] s.w.s.m.m.a.RequestMappingHandlerMapping : Mapped "{[/confirmation/{encoded}],methods=[GET]}" onto public org.springframework.http.ResponseEntity<com.example.project2018.server.model.users.User> com.example.project2018.server.controller.UserController.sentMail(java.lang.String)
2018-06-12 13:33:00.916  INFO 4920 --- [main] s.w.s.m.m.a.RequestMappingHandlerMapping : Mapped "{[/error]}" onto public org.springframework.http.ResponseEntity<java.util.Map<java.lang.String, java.lang.Object>> org.springframework.boot.autoconfigure.web.servlet.error.BasicErrorController.error(javax.servlet.http.HttpServletRequest)
2018-06-12 13:33:00.916  INFO 4920 --- [main] s.w.s.m.m.a.RequestMappingHandlerMapping : Mapped "{[/error],produces=[text/html]}" onto public org.springframework.web.servlet.ModelAndView org.springframework.boot.autoconfigure.web.servlet.error.BasicErrorController.errorHtml(javax.servlet.http.HttpServletRequest,javax.servlet.http.HttpServletResponse)
2018-06-12 13:33:01.001  INFO 4920 --- [main] o.s.w.s.handler.SimpleUrlHandlerMapping  : Mapped URL path [/webjars/**] onto handler of type [class org.springframework.web.servlet.resource.ResourceHttpRequestHandler]
2018-06-12 13:33:01.001  INFO 4920 --- [main] o.s.w.s.handler.SimpleUrlHandlerMapping  : Mapped URL path [/**] onto handler of type [class org.springframework.web.servlet.resource.ResourceHttpRequestHandler]
2018-06-12 13:33:01.079  INFO 4920 --- [main] o.s.w.s.handler.SimpleUrlHandlerMapping  : Mapped URL path [/**/favicon.ico] onto handler of type [class org.springframework.web.servlet.resource.ResourceHttpRequestHandler]
2018-06-12 13:33:01.117  INFO 4920 --- [main] o.s.b.a.w.s.WelcomePageHandlerMapping    : Adding welcome page: class path resource [static/index.html]
2018-06-12 13:33:01.366  INFO 4920 --- [main] o.s.j.e.a.AnnotationMBeanExporter        : Registering beans for JMX exposure on startup
2018-06-12 13:33:01.367  INFO 4920 --- [main] o.s.j.e.a.AnnotationMBeanExporter        : Bean with name 'dataSource' has been autodetected for JMX exposure
2018-06-12 13:33:01.374  INFO 4920 --- [main] o.s.j.e.a.AnnotationMBeanExporter        : Located MBean 'dataSource': registering with JMX server as MBean [com.zaxxer.hikari:name=dataSource,type=HikariDataSource]
2018-06-12 13:33:01.406  INFO 4920 --- [main] o.s.b.w.embedded.tomcat.TomcatWebServer  : Tomcat started on port(s): 8083 (http) with context path ''
2018-06-12 13:33:01.409  INFO 4920 --- [main] c.e.project2018.Project2018Application   : Started Project2018Application in 8.798 seconds (JVM running for 9.381)
